#2026 06 02 13:12:06.828#Z#DEBUG#8a36148f-5e84-11f1-8cec-eeee0a892dcf.crm-project#flowable-async-job-executor-thread-2592#
[PollStartAppStatusExecution] 75824370-fc05-42f0-a2c1-85f74fce1cf6 [2026-06-02T13:11:37.157894] Updated app with guid 75824370-fc05-42f0-a2c1-85f74fce1cf6 ({"lifecycle"=>{"data"=>{"buildpacks"=>[]}, "type"=>"buildpack"}}) (STDOUT, API)#
#2026 06 02 13:12:06.828#Z#DEBUG#8a36148f-5e84-11f1-8cec-eeee0a892dcf.crm-project#flowable-async-job-executor-thread-2592#
[PollStartAppStatusExecution] 75824370-fc05-42f0-a2c1-85f74fce1cf6 [2026-06-02T13:11:37.256303] Updating process: "web" (STDOUT, API)#
#2026 06 02 13:12:06.828#Z#DEBUG#8a36148f-5e84-11f1-8cec-eeee0a892dcf.crm-project#flowable-async-job-executor-thread-2592#
[PollStartAppStatusExecution] 75824370-fc05-42f0-a2c1-85f74fce1cf6 [2026-06-02T13:11:58.308630] Stopping app with guid 75824370-fc05-42f0-a2c1-85f74fce1cf6 (STDOUT, API)#
#2026 06 02 13:12:06.828#Z#DEBUG#8a36148f-5e84-11f1-8cec-eeee0a892dcf.crm-project#flowable-async-job-executor-thread-2592#
[PollStartAppStatusExecution] 75824370-fc05-42f0-a2c1-85f74fce1cf6 [2026-06-02T13:11:58.325652] Cell d1cc041a-d5a1-41d6-b9f6-6cda736ce3f0 stopping instance 5409b648-d0f4-450e-5f26-a064 (STDOUT, CELL)#
#2026 06 02 13:12:06.828#Z#DEBUG#8a36148f-5e84-11f1-8cec-eeee0a892dcf.crm-project#flowable-async-job-executor-thread-2592#
[PollStartAppStatusExecution] 75824370-fc05-42f0-a2c1-85f74fce1cf6 [2026-06-02T13:11:58.628090] Starting app with guid 75824370-fc05-42f0-a2c1-85f74fce1cf6 (STDOUT, API)#
#2026 06 02 13:12:06.828#Z#DEBUG#8a36148f-5e84-11f1-8cec-eeee0a892dcf.crm-project#flowable-async-job-executor-thread-2592#
[PollStartAppStatusExecution] 75824370-fc05-42f0-a2c1-85f74fce1cf6 [2026-06-02T13:11:58.980923] Cell 684caff8-89cd-492b-be01-b3d0835f1763 creating container for instance 5ef2b575-cc44-47c2-5a14-b4e3 (STDOUT, CELL)#
#2026 06 02 13:12:06.828#Z#DEBUG#8a36148f-5e84-11f1-8cec-eeee0a892dcf.crm-project#flowable-async-job-executor-thread-2592#
[PollStartAppStatusExecution] 75824370-fc05-42f0-a2c1-85f74fce1cf6 [2026-06-02T13:11:59.822969] Security group rules were updated (STDOUT, CELL)#
#2026 06 02 13:12:06.828#Z#DEBUG#8a36148f-5e84-11f1-8cec-eeee0a892dcf.crm-project#flowable-async-job-executor-thread-2592#
[PollStartAppStatusExecution] 75824370-fc05-42f0-a2c1-85f74fce1cf6 [2026-06-02T13:11:59.916862] Cell 684caff8-89cd-492b-be01-b3d0835f1763 successfully created container for instance 5ef2b575-cc44-47c2-5a14-b4e3 (STDOUT, CELL)#
#2026 06 02 13:12:06.828#Z#DEBUG#8a36148f-5e84-11f1-8cec-eeee0a892dcf.crm-project#flowable-async-job-executor-thread-2592#
[PollStartAppStatusExecution] 75824370-fc05-42f0-a2c1-85f74fce1cf6 [2026-06-02T13:12:00.530757] Downloading droplet... (STDOUT, CELL)#
#2026 06 02 13:12:16.731#Z#DEBUG#8a36148f-5e84-11f1-8cec-eeee0a892dcf.crm-project#flowable-async-job-executor-thread-2597#
[PollStartAppStatusExecution] 75824370-fc05-42f0-a2c1-85f74fce1cf6 [2026-06-02T13:12:09.725925] Downloaded droplet (63.2M) (STDOUT, CELL)#
#2026 06 02 13:12:16.731#Z#DEBUG#8a36148f-5e84-11f1-8cec-eeee0a892dcf.crm-project#flowable-async-job-executor-thread-2597#
[PollStartAppStatusExecution] 75824370-fc05-42f0-a2c1-85f74fce1cf6 [2026-06-02T13:12:09.726058] Starting health monitoring of container (STDOUT, CELL)#
#2026 06 02 13:12:16.731#Z#DEBUG#8a36148f-5e84-11f1-8cec-eeee0a892dcf.crm-project#flowable-async-job-executor-thread-2597#
[PollStartAppStatusExecution] 75824370-fc05-42f0-a2c1-85f74fce1cf6 [2026-06-02T13:12:09.902425] Invoking pre-start scripts. (STDOUT, APP/PROC/WEB)#
#2026 06 02 13:12:16.731#Z#DEBUG#8a36148f-5e84-11f1-8cec-eeee0a892dcf.crm-project#flowable-async-job-executor-thread-2597#
[PollStartAppStatusExecution] 75824370-fc05-42f0-a2c1-85f74fce1cf6 [2026-06-02T13:12:10.176709] Invoking start command. (STDOUT, APP/PROC/WEB)#
#2026 06 02 13:12:16.731#Z#DEBUG#8a36148f-5e84-11f1-8cec-eeee0a892dcf.crm-project#flowable-async-job-executor-thread-2597#
[PollStartAppStatusExecution] 75824370-fc05-42f0-a2c1-85f74fce1cf6 [2026-06-02T13:12:10.691406] > crm-approuter@1.0.0 start (STDOUT, APP/PROC/WEB)#
#2026 06 02 13:12:16.731#Z#DEBUG#8a36148f-5e84-11f1-8cec-eeee0a892dcf.crm-project#flowable-async-job-executor-thread-2597#
[PollStartAppStatusExecution] 75824370-fc05-42f0-a2c1-85f74fce1cf6 [2026-06-02T13:12:10.691427] > node node_modules/@sap/approuter/approuter.js (STDOUT, APP/PROC/WEB)#
#2026 06 02 13:12:16.731#Z#DEBUG#8a36148f-5e84-11f1-8cec-eeee0a892dcf.crm-project#flowable-async-job-executor-thread-2597#
[PollStartAppStatusExecution] 75824370-fc05-42f0-a2c1-85f74fce1cf6 [2026-06-02T13:12:11.070229] {"written_at":"2026-06-02T13:12:11.067Z","written_ts":1780405931067000000,"csn_component":"-","correlation_id":"-","type":"log","logger":"nodejs-logger","layer":"/LoggingLibrary","level":"warning","container_id":"10.32.1.6","component_type":"application","component_id":"75824370-fc05-42f0-a2c1-85f74fce1cf6","component_name":"crm-project","component_instance":-1,"source_instance":-1,"organization_id":"ab7e1426-91a3-4515-843a-ec6081ae741c","organization_name":"f37788detrial","space_id":"a9f218a1-51ed-44d9-be7f-d7297f7cb7f8","space_name":"dev","context_id":"","msg":"Dynamic log level switching not available"} (STDOUT, APP/PROC/WEB)#
#2026 06 02 13:12:16.731#Z#DEBUG#8a36148f-5e84-11f1-8cec-eeee0a892dcf.crm-project#flowable-async-job-executor-thread-2597#
[PollStartAppStatusExecution] 75824370-fc05-42f0-a2c1-85f74fce1cf6 [2026-06-02T13:12:11.512952] {"written_at":"2026-06-02T13:12:11.512Z","written_ts":1780405931512000000,"csn_component":"-","correlation_id":"mpwnq0vs","type":"log","logger":"nodejs-logger","layer":"/approuter","level":"info","container_id":"10.32.1.6","component_type":"application","component_id":"75824370-fc05-42f0-a2c1-85f74fce1cf6","component_name":"crm-project","component_instance":-1,"source_instance":-1,"organization_id":"ab7e1426-91a3-4515-843a-ec6081ae741c","organization_name":"f37788detrial","space_id":"a9f218a1-51ed-44d9-be7f-d7297f7cb7f8","space_name":"dev","context_id":"mpwnq0vs","msg":"Application router version 11.6.1"} (STDOUT, APP/PROC/WEB)#
#2026 06 02 13:12:16.731#Z#DEBUG#8a36148f-5e84-11f1-8cec-eeee0a892dcf.crm-project#flowable-async-job-executor-thread-2597#
[PollStartAppStatusExecution] 75824370-fc05-42f0-a2c1-85f74fce1cf6 [2026-06-02T13:12:11.516739] {"written_at":"2026-06-02T13:12:11.516Z","written_ts":1780405931516000000,"csn_component":"-","correlation_id":"mpwnq0vw","type":"log","logger":"nodejs-logger","layer":"/Configuration","level":"info","container_id":"10.32.1.6","component_type":"application","component_id":"75824370-fc05-42f0-a2c1-85f74fce1cf6","component_name":"crm-project","component_instance":-1,"source_instance":-1,"organization_id":"ab7e1426-91a3-4515-843a-ec6081ae741c","organization_name":"f37788detrial","space_id":"a9f218a1-51ed-44d9-be7f-d7297f7cb7f8","space_name":"dev","context_id":"mpwnq0vw","msg":"No COOKIES environment variable"} (STDOUT, APP/PROC/WEB)#
#2026 06 02 13:12:16.731#Z#DEBUG#8a36148f-5e84-11f1-8cec-eeee0a892dcf.crm-project#flowable-async-job-executor-thread-2597#
[PollStartAppStatusExecution] 75824370-fc05-42f0-a2c1-85f74fce1cf6 [2026-06-02T13:12:11.560040] (node:229) [DEP0060] DeprecationWarning: The `util._extend` API is deprecated. Please use Object.assign() instead. (STDERR, APP/PROC/WEB)#
#2026 06 02 13:12:16.731#Z#DEBUG#8a36148f-5e84-11f1-8cec-eeee0a892dcf.crm-project#flowable-async-job-executor-thread-2597#
[PollStartAppStatusExecution] 75824370-fc05-42f0-a2c1-85f74fce1cf6 [2026-06-02T13:12:11.560075] (Use `node --trace-deprecation ...` to show where the warning was created) (STDERR, APP/PROC/WEB)#
#2026 06 02 13:12:16.731#Z#DEBUG#8a36148f-5e84-11f1-8cec-eeee0a892dcf.crm-project#flowable-async-job-executor-thread-2597#
[PollStartAppStatusExecution] 75824370-fc05-42f0-a2c1-85f74fce1cf6 [2026-06-02T13:12:11.568234] {"written_at":"2026-06-02T13:12:11.567Z","written_ts":1780405931567000000,"csn_component":"-","correlation_id":"mpwnq0vs","type":"log","logger":"nodejs-logger","layer":"/approuter","level":"info","container_id":"10.32.1.6","component_type":"application","component_id":"75824370-fc05-42f0-a2c1-85f74fce1cf6","component_name":"crm-project","component_instance":-1,"source_instance":-1,"organization_id":"ab7e1426-91a3-4515-843a-ec6081ae741c","organization_name":"f37788detrial","space_id":"a9f218a1-51ed-44d9-be7f-d7297f7cb7f8","space_name":"dev","context_id":"mpwnq0vs","msg":"Application router is listening on port: 8080"} (STDOUT, APP/PROC/WEB)#
#2026 06 02 13:12:16.731#Z#DEBUG#8a36148f-5e84-11f1-8cec-eeee0a892dcf.crm-project#flowable-async-job-executor-thread-2597#
[PollStartAppStatusExecution] 75824370-fc05-42f0-a2c1-85f74fce1cf6 [2026-06-02T13:12:14.341279] Container became healthy (STDOUT, CELL)#
#2026 06 02 13:12:16.731#Z#DEBUG#8a36148f-5e84-11f1-8cec-eeee0a892dcf.crm-project#flowable-async-job-executor-thread-2597#
[PollStartAppStatusExecution] 75824370-fc05-42f0-a2c1-85f74fce1cf6 [2026-06-02T13:12:14.367738] Process became ready with guid 75824370-fc05-42f0-a2c1-85f74fce1cf6 payload: {"instance"=>"5ef2b575-cc44-47c2-5a14-b4e3", "index"=>0, "cell_id"=>"684caff8-89cd-492b-be01-b3d0835f1763", "ready"=>true, "version"=>"a5260b9a-1f8f-4dc3-83af-5a23d45f3cf9"} (STDOUT, API)#
