#2026 06 02 13:12:06.583#Z#DEBUG#8a36148f-5e84-11f1-8cec-eeee0a892dcf.crm-project-db-deployer#flowable-async-job-executor-thread-2593#
[PollStageAppStatusExecution] deda4d43-2412-4acd-80d1-1202fa84d62c [2026-06-02T13:11:37.712143] Updated app with guid deda4d43-2412-4acd-80d1-1202fa84d62c ({"lifecycle"=>{"data"=>{"buildpacks"=>["nodejs_buildpack"]}, "type"=>"buildpack"}}) (STDOUT, API)#
#2026 06 02 13:12:06.583#Z#DEBUG#8a36148f-5e84-11f1-8cec-eeee0a892dcf.crm-project-db-deployer#flowable-async-job-executor-thread-2593#
[PollStageAppStatusExecution] deda4d43-2412-4acd-80d1-1202fa84d62c [2026-06-02T13:11:37.810086] Updating process: "web" (STDOUT, API)#
#2026 06 02 13:12:06.583#Z#DEBUG#8a36148f-5e84-11f1-8cec-eeee0a892dcf.crm-project-db-deployer#flowable-async-job-executor-thread-2593#
[PollStageAppStatusExecution] deda4d43-2412-4acd-80d1-1202fa84d62c [2026-06-02T13:11:46.397287] Uploading app package for app with guid deda4d43-2412-4acd-80d1-1202fa84d62c (STDOUT, API)#
#2026 06 02 13:12:06.583#Z#DEBUG#8a36148f-5e84-11f1-8cec-eeee0a892dcf.crm-project-db-deployer#flowable-async-job-executor-thread-2593#
[PollStageAppStatusExecution] deda4d43-2412-4acd-80d1-1202fa84d62c [2026-06-02T13:11:46.612729] Updated app with guid deda4d43-2412-4acd-80d1-1202fa84d62c ({"environment_variables"=>"[PRIVATE DATA HIDDEN]"}) (STDOUT, API)#
#2026 06 02 13:12:06.583#Z#DEBUG#8a36148f-5e84-11f1-8cec-eeee0a892dcf.crm-project-db-deployer#flowable-async-job-executor-thread-2593#
[PollStageAppStatusExecution] deda4d43-2412-4acd-80d1-1202fa84d62c [2026-06-02T13:11:56.781948] Creating build for app with guid deda4d43-2412-4acd-80d1-1202fa84d62c (STDOUT, API)#
#2026 06 02 13:12:06.583#Z#DEBUG#8a36148f-5e84-11f1-8cec-eeee0a892dcf.crm-project-db-deployer#flowable-async-job-executor-thread-2593#
[PollStageAppStatusExecution] deda4d43-2412-4acd-80d1-1202fa84d62c [2026-06-02T13:11:57.454162] Downloading nodejs_buildpack... (STDOUT, STG)#
#2026 06 02 13:12:06.583#Z#DEBUG#8a36148f-5e84-11f1-8cec-eeee0a892dcf.crm-project-db-deployer#flowable-async-job-executor-thread-2593#
[PollStageAppStatusExecution] deda4d43-2412-4acd-80d1-1202fa84d62c [2026-06-02T13:11:57.507374] Downloaded nodejs_buildpack (STDOUT, STG)#
#2026 06 02 13:12:06.583#Z#DEBUG#8a36148f-5e84-11f1-8cec-eeee0a892dcf.crm-project-db-deployer#flowable-async-job-executor-thread-2593#
[PollStageAppStatusExecution] deda4d43-2412-4acd-80d1-1202fa84d62c [2026-06-02T13:11:57.507460] Cell d1cc041a-d5a1-41d6-b9f6-6cda736ce3f0 creating container for instance c2c42262-75dd-4f2a-b80f-19c3b6dfc0ee (STDOUT, STG)#
#2026 06 02 13:12:06.583#Z#DEBUG#8a36148f-5e84-11f1-8cec-eeee0a892dcf.crm-project-db-deployer#flowable-async-job-executor-thread-2593#
[PollStageAppStatusExecution] deda4d43-2412-4acd-80d1-1202fa84d62c [2026-06-02T13:11:58.388112] Security group rules were updated (STDOUT, STG)#
#2026 06 02 13:12:06.583#Z#DEBUG#8a36148f-5e84-11f1-8cec-eeee0a892dcf.crm-project-db-deployer#flowable-async-job-executor-thread-2593#
[PollStageAppStatusExecution] deda4d43-2412-4acd-80d1-1202fa84d62c [2026-06-02T13:11:58.487208] Cell d1cc041a-d5a1-41d6-b9f6-6cda736ce3f0 successfully created container for instance c2c42262-75dd-4f2a-b80f-19c3b6dfc0ee (STDOUT, STG)#
#2026 06 02 13:12:06.583#Z#DEBUG#8a36148f-5e84-11f1-8cec-eeee0a892dcf.crm-project-db-deployer#flowable-async-job-executor-thread-2593#
[PollStageAppStatusExecution] deda4d43-2412-4acd-80d1-1202fa84d62c [2026-06-02T13:11:59.633862] Downloading app package... (STDOUT, STG)#
#2026 06 02 13:12:06.583#Z#DEBUG#8a36148f-5e84-11f1-8cec-eeee0a892dcf.crm-project-db-deployer#flowable-async-job-executor-thread-2593#
[PollStageAppStatusExecution] deda4d43-2412-4acd-80d1-1202fa84d62c [2026-06-02T13:11:59.633879] Downloading build artifacts cache... (STDOUT, STG)#
#2026 06 02 13:12:06.583#Z#DEBUG#8a36148f-5e84-11f1-8cec-eeee0a892dcf.crm-project-db-deployer#flowable-async-job-executor-thread-2593#
[PollStageAppStatusExecution] deda4d43-2412-4acd-80d1-1202fa84d62c [2026-06-02T13:11:59.706859] Downloaded build artifacts cache (222B) (STDOUT, STG)#
#2026 06 02 13:12:06.583#Z#DEBUG#8a36148f-5e84-11f1-8cec-eeee0a892dcf.crm-project-db-deployer#flowable-async-job-executor-thread-2593#
[PollStageAppStatusExecution] deda4d43-2412-4acd-80d1-1202fa84d62c [2026-06-02T13:12:00.107967] Downloaded app package (2.3M) (STDOUT, STG)#
#2026 06 02 13:12:06.583#Z#DEBUG#8a36148f-5e84-11f1-8cec-eeee0a892dcf.crm-project-db-deployer#flowable-async-job-executor-thread-2593#
[PollStageAppStatusExecution] deda4d43-2412-4acd-80d1-1202fa84d62c [2026-06-02T13:12:00.248077] -----> Nodejs Buildpack version 1.8.44 (STDOUT, STG)#
#2026 06 02 13:12:06.583#Z#DEBUG#8a36148f-5e84-11f1-8cec-eeee0a892dcf.crm-project-db-deployer#flowable-async-job-executor-thread-2593#
[PollStageAppStatusExecution] deda4d43-2412-4acd-80d1-1202fa84d62c [2026-06-02T13:12:00.473653] -----> Bootstrapping python (STDOUT, STG)#
#2026 06 02 13:12:06.583#Z#DEBUG#8a36148f-5e84-11f1-8cec-eeee0a892dcf.crm-project-db-deployer#flowable-async-job-executor-thread-2593#
[PollStageAppStatusExecution] deda4d43-2412-4acd-80d1-1202fa84d62c [2026-06-02T13:12:00.473783] -----> Installing python 3.11.14 (STDOUT, STG)#
#2026 06 02 13:12:06.583#Z#DEBUG#8a36148f-5e84-11f1-8cec-eeee0a892dcf.crm-project-db-deployer#flowable-async-job-executor-thread-2593#
[PollStageAppStatusExecution] deda4d43-2412-4acd-80d1-1202fa84d62c [2026-06-02T13:12:00.473813] Copy [/tmp/buildpacks/978cee5ec9c58000/dependencies/b5e0345ae0ae1932e7d56fffaa49a487/python_3.11.14_linux_x64_cflinuxfs4_66f53248.tgz] (STDOUT, STG)#
#2026 06 02 13:12:06.583#Z#DEBUG#8a36148f-5e84-11f1-8cec-eeee0a892dcf.crm-project-db-deployer#flowable-async-job-executor-thread-2593#
[PollStageAppStatusExecution] deda4d43-2412-4acd-80d1-1202fa84d62c [2026-06-02T13:12:04.983745] -----> Installing binaries (STDOUT, STG)#
#2026 06 02 13:12:06.583#Z#DEBUG#8a36148f-5e84-11f1-8cec-eeee0a892dcf.crm-project-db-deployer#flowable-async-job-executor-thread-2593#
[PollStageAppStatusExecution] deda4d43-2412-4acd-80d1-1202fa84d62c [2026-06-02T13:12:04.983958] engines.node (package.json): >=18 (STDOUT, STG)#
#2026 06 02 13:12:06.583#Z#DEBUG#8a36148f-5e84-11f1-8cec-eeee0a892dcf.crm-project-db-deployer#flowable-async-job-executor-thread-2593#
[PollStageAppStatusExecution] deda4d43-2412-4acd-80d1-1202fa84d62c [2026-06-02T13:12:04.987032] engines.npm (package.json): unspecified (use default) (STDOUT, STG)#
#2026 06 02 13:12:06.583#Z#DEBUG#8a36148f-5e84-11f1-8cec-eeee0a892dcf.crm-project-db-deployer#flowable-async-job-executor-thread-2593#
[PollStageAppStatusExecution] deda4d43-2412-4acd-80d1-1202fa84d62c [2026-06-02T13:12:04.987061] [31;1m**WARNING**[0m Dangerous semver range (>) in engines.node. See: http://docs.cloudfoundry.org/buildpacks/node/node-tips.html (STDOUT, STG)#
#2026 06 02 13:12:06.583#Z#DEBUG#8a36148f-5e84-11f1-8cec-eeee0a892dcf.crm-project-db-deployer#flowable-async-job-executor-thread-2593#
[PollStageAppStatusExecution] deda4d43-2412-4acd-80d1-1202fa84d62c [2026-06-02T13:12:04.987222] -----> Installing node 24.13.0 (STDOUT, STG)#
#2026 06 02 13:12:06.583#Z#DEBUG#8a36148f-5e84-11f1-8cec-eeee0a892dcf.crm-project-db-deployer#flowable-async-job-executor-thread-2593#
[PollStageAppStatusExecution] deda4d43-2412-4acd-80d1-1202fa84d62c [2026-06-02T13:12:04.987442] Copy [/tmp/buildpacks/978cee5ec9c58000/dependencies/2f5692219fecc3eee6e6d507a6bfe7b9/node_24.13.0_linux_x64_cflinuxfs4_a816dee1.tgz] (STDOUT, STG)#
#2026 06 02 13:12:16.671#Z#DEBUG#8a36148f-5e84-11f1-8cec-eeee0a892dcf.crm-project-db-deployer#flowable-async-job-executor-thread-2588#
[PollStageAppStatusExecution] deda4d43-2412-4acd-80d1-1202fa84d62c [2026-06-02T13:12:07.878368] Using default npm version: 11.6.2 (STDOUT, STG)#
#2026 06 02 13:12:16.671#Z#DEBUG#8a36148f-5e84-11f1-8cec-eeee0a892dcf.crm-project-db-deployer#flowable-async-job-executor-thread-2588#
[PollStageAppStatusExecution] deda4d43-2412-4acd-80d1-1202fa84d62c [2026-06-02T13:12:07.878397] -----> Installing yarn 1.22.22 (STDOUT, STG)#
#2026 06 02 13:12:16.671#Z#DEBUG#8a36148f-5e84-11f1-8cec-eeee0a892dcf.crm-project-db-deployer#flowable-async-job-executor-thread-2588#
[PollStageAppStatusExecution] deda4d43-2412-4acd-80d1-1202fa84d62c [2026-06-02T13:12:07.878599] Copy [/tmp/buildpacks/978cee5ec9c58000/dependencies/e3a39aedd1236924d69cc2d0637a8ed2/yarn_1.22.22_linux_noarch_any-stack_4911d0a6.tgz] (STDOUT, STG)#
#2026 06 02 13:12:16.671#Z#DEBUG#8a36148f-5e84-11f1-8cec-eeee0a892dcf.crm-project-db-deployer#flowable-async-job-executor-thread-2588#
[PollStageAppStatusExecution] deda4d43-2412-4acd-80d1-1202fa84d62c [2026-06-02T13:12:08.277518] Installed yarn 1.22.22 (STDOUT, STG)#
#2026 06 02 13:12:16.671#Z#DEBUG#8a36148f-5e84-11f1-8cec-eeee0a892dcf.crm-project-db-deployer#flowable-async-job-executor-thread-2588#
[PollStageAppStatusExecution] deda4d43-2412-4acd-80d1-1202fa84d62c [2026-06-02T13:12:08.277547] -----> Creating runtime environment (STDOUT, STG)#
#2026 06 02 13:12:16.671#Z#DEBUG#8a36148f-5e84-11f1-8cec-eeee0a892dcf.crm-project-db-deployer#flowable-async-job-executor-thread-2588#
[PollStageAppStatusExecution] deda4d43-2412-4acd-80d1-1202fa84d62c [2026-06-02T13:12:08.279505] NODE_ENV=production (STDOUT, STG)#
#2026 06 02 13:12:16.671#Z#DEBUG#8a36148f-5e84-11f1-8cec-eeee0a892dcf.crm-project-db-deployer#flowable-async-job-executor-thread-2588#
[PollStageAppStatusExecution] deda4d43-2412-4acd-80d1-1202fa84d62c [2026-06-02T13:12:08.279529] NODE_HOME=/tmp/contents2723997962/deps/0/node (STDOUT, STG)#
#2026 06 02 13:12:16.671#Z#DEBUG#8a36148f-5e84-11f1-8cec-eeee0a892dcf.crm-project-db-deployer#flowable-async-job-executor-thread-2588#
[PollStageAppStatusExecution] deda4d43-2412-4acd-80d1-1202fa84d62c [2026-06-02T13:12:08.279532] NODE_MODULES_CACHE=true (STDOUT, STG)#
#2026 06 02 13:12:16.671#Z#DEBUG#8a36148f-5e84-11f1-8cec-eeee0a892dcf.crm-project-db-deployer#flowable-async-job-executor-thread-2588#
[PollStageAppStatusExecution] deda4d43-2412-4acd-80d1-1202fa84d62c [2026-06-02T13:12:08.279534] NODE_VERBOSE=false (STDOUT, STG)#
#2026 06 02 13:12:16.671#Z#DEBUG#8a36148f-5e84-11f1-8cec-eeee0a892dcf.crm-project-db-deployer#flowable-async-job-executor-thread-2588#
[PollStageAppStatusExecution] deda4d43-2412-4acd-80d1-1202fa84d62c [2026-06-02T13:12:08.279537] NPM_CONFIG_LOGLEVEL=error (STDOUT, STG)#
#2026 06 02 13:12:16.671#Z#DEBUG#8a36148f-5e84-11f1-8cec-eeee0a892dcf.crm-project-db-deployer#flowable-async-job-executor-thread-2588#
[PollStageAppStatusExecution] deda4d43-2412-4acd-80d1-1202fa84d62c [2026-06-02T13:12:08.279541] NPM_CONFIG_PRODUCTION=true (STDOUT, STG)#
#2026 06 02 13:12:16.671#Z#DEBUG#8a36148f-5e84-11f1-8cec-eeee0a892dcf.crm-project-db-deployer#flowable-async-job-executor-thread-2588#
[PollStageAppStatusExecution] deda4d43-2412-4acd-80d1-1202fa84d62c [2026-06-02T13:12:08.279556] -----> Building dependencies (STDOUT, STG)#
#2026 06 02 13:12:16.671#Z#DEBUG#8a36148f-5e84-11f1-8cec-eeee0a892dcf.crm-project-db-deployer#flowable-async-job-executor-thread-2588#
[PollStageAppStatusExecution] deda4d43-2412-4acd-80d1-1202fa84d62c [2026-06-02T13:12:08.279558] Prebuild detected (node_modules already exists) (STDOUT, STG)#
#2026 06 02 13:12:16.671#Z#DEBUG#8a36148f-5e84-11f1-8cec-eeee0a892dcf.crm-project-db-deployer#flowable-async-job-executor-thread-2588#
[PollStageAppStatusExecution] deda4d43-2412-4acd-80d1-1202fa84d62c [2026-06-02T13:12:08.279614] Rebuilding any native modules (STDOUT, STG)#
#2026 06 02 13:12:16.671#Z#DEBUG#8a36148f-5e84-11f1-8cec-eeee0a892dcf.crm-project-db-deployer#flowable-async-job-executor-thread-2588#
[PollStageAppStatusExecution] deda4d43-2412-4acd-80d1-1202fa84d62c [2026-06-02T13:12:08.940940] rebuilt dependencies successfully (STDOUT, STG)#
#2026 06 02 13:12:16.671#Z#DEBUG#8a36148f-5e84-11f1-8cec-eeee0a892dcf.crm-project-db-deployer#flowable-async-job-executor-thread-2588#
[PollStageAppStatusExecution] deda4d43-2412-4acd-80d1-1202fa84d62c [2026-06-02T13:12:09.013395] Installing any new modules (package.json + package-lock.json) (STDOUT, STG)#
#2026 06 02 13:12:16.671#Z#DEBUG#8a36148f-5e84-11f1-8cec-eeee0a892dcf.crm-project-db-deployer#flowable-async-job-executor-thread-2588#
[PollStageAppStatusExecution] deda4d43-2412-4acd-80d1-1202fa84d62c [2026-06-02T13:12:09.543920] up to date in 441ms (STDOUT, STG)#
#2026 06 02 13:12:16.671#Z#DEBUG#8a36148f-5e84-11f1-8cec-eeee0a892dcf.crm-project-db-deployer#flowable-async-job-executor-thread-2588#
[PollStageAppStatusExecution] deda4d43-2412-4acd-80d1-1202fa84d62c [2026-06-02T13:12:09.543964] 4 packages are looking for funding (STDOUT, STG)#
#2026 06 02 13:12:16.671#Z#DEBUG#8a36148f-5e84-11f1-8cec-eeee0a892dcf.crm-project-db-deployer#flowable-async-job-executor-thread-2588#
[PollStageAppStatusExecution] deda4d43-2412-4acd-80d1-1202fa84d62c [2026-06-02T13:12:09.543980] run `npm fund` for details (STDOUT, STG)#
#2026 06 02 13:12:16.671#Z#DEBUG#8a36148f-5e84-11f1-8cec-eeee0a892dcf.crm-project-db-deployer#flowable-async-job-executor-thread-2588#
[PollStageAppStatusExecution] deda4d43-2412-4acd-80d1-1202fa84d62c [2026-06-02T13:12:10.259004] Contrast Security no credentials found. Will not write environment files. (STDOUT, STG)#
#2026 06 02 13:12:26.851#Z#DEBUG#8a36148f-5e84-11f1-8cec-eeee0a892dcf.crm-project-db-deployer#flowable-async-job-executor-thread-1924#
[PollStageAppStatusExecution] deda4d43-2412-4acd-80d1-1202fa84d62c [2026-06-02T13:12:19.746650] Exit status 0 (STDOUT, STG)#
#2026 06 02 13:12:26.851#Z#DEBUG#8a36148f-5e84-11f1-8cec-eeee0a892dcf.crm-project-db-deployer#flowable-async-job-executor-thread-1924#
[PollStageAppStatusExecution] deda4d43-2412-4acd-80d1-1202fa84d62c [2026-06-02T13:12:19.746708] Uploading droplet, build artifacts cache... (STDOUT, STG)#
#2026 06 02 13:12:26.851#Z#DEBUG#8a36148f-5e84-11f1-8cec-eeee0a892dcf.crm-project-db-deployer#flowable-async-job-executor-thread-1924#
[PollStageAppStatusExecution] deda4d43-2412-4acd-80d1-1202fa84d62c [2026-06-02T13:12:19.746746] Uploading droplet... (STDOUT, STG)#
#2026 06 02 13:12:26.851#Z#DEBUG#8a36148f-5e84-11f1-8cec-eeee0a892dcf.crm-project-db-deployer#flowable-async-job-executor-thread-1924#
[PollStageAppStatusExecution] deda4d43-2412-4acd-80d1-1202fa84d62c [2026-06-02T13:12:19.746791] Uploading build artifacts cache... (STDOUT, STG)#
#2026 06 02 13:12:26.851#Z#DEBUG#8a36148f-5e84-11f1-8cec-eeee0a892dcf.crm-project-db-deployer#flowable-async-job-executor-thread-1924#
[PollStageAppStatusExecution] deda4d43-2412-4acd-80d1-1202fa84d62c [2026-06-02T13:12:19.776468] Uploaded build artifacts cache (225B) (STDOUT, STG)#
#2026 06 02 13:12:26.851#Z#DEBUG#8a36148f-5e84-11f1-8cec-eeee0a892dcf.crm-project-db-deployer#flowable-async-job-executor-thread-1924#
[PollStageAppStatusExecution] deda4d43-2412-4acd-80d1-1202fa84d62c [2026-06-02T13:12:20.538470] Creating droplet for app with guid deda4d43-2412-4acd-80d1-1202fa84d62c (STDOUT, API)#
#2026 06 02 13:12:26.851#Z#DEBUG#8a36148f-5e84-11f1-8cec-eeee0a892dcf.crm-project-db-deployer#flowable-async-job-executor-thread-1924#
[PollStageAppStatusExecution] deda4d43-2412-4acd-80d1-1202fa84d62c [2026-06-02T13:12:23.604945] Uploaded droplet (58.4M) (STDOUT, STG)#
#2026 06 02 13:12:26.851#Z#DEBUG#8a36148f-5e84-11f1-8cec-eeee0a892dcf.crm-project-db-deployer#flowable-async-job-executor-thread-1924#
[PollStageAppStatusExecution] deda4d43-2412-4acd-80d1-1202fa84d62c [2026-06-02T13:12:23.629077] Uploading complete (STDOUT, STG)#
#2026 06 02 13:12:26.851#Z#DEBUG#8a36148f-5e84-11f1-8cec-eeee0a892dcf.crm-project-db-deployer#flowable-async-job-executor-thread-1924#
[PollStageAppStatusExecution] deda4d43-2412-4acd-80d1-1202fa84d62c [2026-06-02T13:12:23.920072] Cell d1cc041a-d5a1-41d6-b9f6-6cda736ce3f0 stopping instance c2c42262-75dd-4f2a-b80f-19c3b6dfc0ee (STDOUT, STG)#
#2026 06 02 13:12:26.851#Z#DEBUG#8a36148f-5e84-11f1-8cec-eeee0a892dcf.crm-project-db-deployer#flowable-async-job-executor-thread-1924#
[PollStageAppStatusExecution] deda4d43-2412-4acd-80d1-1202fa84d62c [2026-06-02T13:12:23.920118] Cell d1cc041a-d5a1-41d6-b9f6-6cda736ce3f0 destroying container for instance c2c42262-75dd-4f2a-b80f-19c3b6dfc0ee (STDOUT, STG)#
#2026 06 02 13:12:26.851#Z#DEBUG#8a36148f-5e84-11f1-8cec-eeee0a892dcf.crm-project-db-deployer#flowable-async-job-executor-thread-1924#
[PollStageAppStatusExecution] deda4d43-2412-4acd-80d1-1202fa84d62c [2026-06-02T13:12:23.978010] Staging complete for build c2c42262-75dd-4f2a-b80f-19c3b6dfc0ee (STDOUT, API)#
#2026 06 02 13:12:36.989#Z#DEBUG#8a36148f-5e84-11f1-8cec-eeee0a892dcf.crm-project-db-deployer#flowable-async-job-executor-thread-2609#
[PollExecuteTaskStatusExecution] deda4d43-2412-4acd-80d1-1202fa84d62c [2026-06-02T13:11:37.712143] Updated app with guid deda4d43-2412-4acd-80d1-1202fa84d62c ({"lifecycle"=>{"data"=>{"buildpacks"=>["nodejs_buildpack"]}, "type"=>"buildpack"}}) (STDOUT, API)#
#2026 06 02 13:12:36.989#Z#DEBUG#8a36148f-5e84-11f1-8cec-eeee0a892dcf.crm-project-db-deployer#flowable-async-job-executor-thread-2609#
[PollExecuteTaskStatusExecution] deda4d43-2412-4acd-80d1-1202fa84d62c [2026-06-02T13:11:37.810086] Updating process: "web" (STDOUT, API)#
#2026 06 02 13:12:36.989#Z#DEBUG#8a36148f-5e84-11f1-8cec-eeee0a892dcf.crm-project-db-deployer#flowable-async-job-executor-thread-2609#
[PollExecuteTaskStatusExecution] deda4d43-2412-4acd-80d1-1202fa84d62c [2026-06-02T13:11:46.397287] Uploading app package for app with guid deda4d43-2412-4acd-80d1-1202fa84d62c (STDOUT, API)#
#2026 06 02 13:12:36.989#Z#DEBUG#8a36148f-5e84-11f1-8cec-eeee0a892dcf.crm-project-db-deployer#flowable-async-job-executor-thread-2609#
[PollExecuteTaskStatusExecution] deda4d43-2412-4acd-80d1-1202fa84d62c [2026-06-02T13:11:46.612729] Updated app with guid deda4d43-2412-4acd-80d1-1202fa84d62c ({"environment_variables"=>"[PRIVATE DATA HIDDEN]"}) (STDOUT, API)#
#2026 06 02 13:12:36.989#Z#DEBUG#8a36148f-5e84-11f1-8cec-eeee0a892dcf.crm-project-db-deployer#flowable-async-job-executor-thread-2609#
[PollExecuteTaskStatusExecution] deda4d43-2412-4acd-80d1-1202fa84d62c [2026-06-02T13:11:56.781948] Creating build for app with guid deda4d43-2412-4acd-80d1-1202fa84d62c (STDOUT, API)#
#2026 06 02 13:12:36.989#Z#DEBUG#8a36148f-5e84-11f1-8cec-eeee0a892dcf.crm-project-db-deployer#flowable-async-job-executor-thread-2609#
[PollExecuteTaskStatusExecution] deda4d43-2412-4acd-80d1-1202fa84d62c [2026-06-02T13:11:57.454162] Downloading nodejs_buildpack... (STDOUT, STG)#
#2026 06 02 13:12:36.989#Z#DEBUG#8a36148f-5e84-11f1-8cec-eeee0a892dcf.crm-project-db-deployer#flowable-async-job-executor-thread-2609#
[PollExecuteTaskStatusExecution] deda4d43-2412-4acd-80d1-1202fa84d62c [2026-06-02T13:11:57.507374] Downloaded nodejs_buildpack (STDOUT, STG)#
#2026 06 02 13:12:36.989#Z#DEBUG#8a36148f-5e84-11f1-8cec-eeee0a892dcf.crm-project-db-deployer#flowable-async-job-executor-thread-2609#
[PollExecuteTaskStatusExecution] deda4d43-2412-4acd-80d1-1202fa84d62c [2026-06-02T13:11:57.507460] Cell d1cc041a-d5a1-41d6-b9f6-6cda736ce3f0 creating container for instance c2c42262-75dd-4f2a-b80f-19c3b6dfc0ee (STDOUT, STG)#
#2026 06 02 13:12:36.989#Z#DEBUG#8a36148f-5e84-11f1-8cec-eeee0a892dcf.crm-project-db-deployer#flowable-async-job-executor-thread-2609#
[PollExecuteTaskStatusExecution] deda4d43-2412-4acd-80d1-1202fa84d62c [2026-06-02T13:11:58.388112] Security group rules were updated (STDOUT, STG)#
#2026 06 02 13:12:36.989#Z#DEBUG#8a36148f-5e84-11f1-8cec-eeee0a892dcf.crm-project-db-deployer#flowable-async-job-executor-thread-2609#
[PollExecuteTaskStatusExecution] deda4d43-2412-4acd-80d1-1202fa84d62c [2026-06-02T13:11:58.487208] Cell d1cc041a-d5a1-41d6-b9f6-6cda736ce3f0 successfully created container for instance c2c42262-75dd-4f2a-b80f-19c3b6dfc0ee (STDOUT, STG)#
#2026 06 02 13:12:36.989#Z#DEBUG#8a36148f-5e84-11f1-8cec-eeee0a892dcf.crm-project-db-deployer#flowable-async-job-executor-thread-2609#
[PollExecuteTaskStatusExecution] deda4d43-2412-4acd-80d1-1202fa84d62c [2026-06-02T13:11:59.633862] Downloading app package... (STDOUT, STG)#
#2026 06 02 13:12:36.989#Z#DEBUG#8a36148f-5e84-11f1-8cec-eeee0a892dcf.crm-project-db-deployer#flowable-async-job-executor-thread-2609#
[PollExecuteTaskStatusExecution] deda4d43-2412-4acd-80d1-1202fa84d62c [2026-06-02T13:11:59.633879] Downloading build artifacts cache... (STDOUT, STG)#
#2026 06 02 13:12:36.989#Z#DEBUG#8a36148f-5e84-11f1-8cec-eeee0a892dcf.crm-project-db-deployer#flowable-async-job-executor-thread-2609#
[PollExecuteTaskStatusExecution] deda4d43-2412-4acd-80d1-1202fa84d62c [2026-06-02T13:11:59.706859] Downloaded build artifacts cache (222B) (STDOUT, STG)#
#2026 06 02 13:12:36.989#Z#DEBUG#8a36148f-5e84-11f1-8cec-eeee0a892dcf.crm-project-db-deployer#flowable-async-job-executor-thread-2609#
[PollExecuteTaskStatusExecution] deda4d43-2412-4acd-80d1-1202fa84d62c [2026-06-02T13:12:00.107967] Downloaded app package (2.3M) (STDOUT, STG)#
#2026 06 02 13:12:36.989#Z#DEBUG#8a36148f-5e84-11f1-8cec-eeee0a892dcf.crm-project-db-deployer#flowable-async-job-executor-thread-2609#
[PollExecuteTaskStatusExecution] deda4d43-2412-4acd-80d1-1202fa84d62c [2026-06-02T13:12:00.248077] -----> Nodejs Buildpack version 1.8.44 (STDOUT, STG)#
#2026 06 02 13:12:36.989#Z#DEBUG#8a36148f-5e84-11f1-8cec-eeee0a892dcf.crm-project-db-deployer#flowable-async-job-executor-thread-2609#
[PollExecuteTaskStatusExecution] deda4d43-2412-4acd-80d1-1202fa84d62c [2026-06-02T13:12:00.473653] -----> Bootstrapping python (STDOUT, STG)#
#2026 06 02 13:12:36.989#Z#DEBUG#8a36148f-5e84-11f1-8cec-eeee0a892dcf.crm-project-db-deployer#flowable-async-job-executor-thread-2609#
[PollExecuteTaskStatusExecution] deda4d43-2412-4acd-80d1-1202fa84d62c [2026-06-02T13:12:00.473783] -----> Installing python 3.11.14 (STDOUT, STG)#
#2026 06 02 13:12:36.989#Z#DEBUG#8a36148f-5e84-11f1-8cec-eeee0a892dcf.crm-project-db-deployer#flowable-async-job-executor-thread-2609#
[PollExecuteTaskStatusExecution] deda4d43-2412-4acd-80d1-1202fa84d62c [2026-06-02T13:12:00.473813] Copy [/tmp/buildpacks/978cee5ec9c58000/dependencies/b5e0345ae0ae1932e7d56fffaa49a487/python_3.11.14_linux_x64_cflinuxfs4_66f53248.tgz] (STDOUT, STG)#
#2026 06 02 13:12:36.989#Z#DEBUG#8a36148f-5e84-11f1-8cec-eeee0a892dcf.crm-project-db-deployer#flowable-async-job-executor-thread-2609#
[PollExecuteTaskStatusExecution] deda4d43-2412-4acd-80d1-1202fa84d62c [2026-06-02T13:12:04.983745] -----> Installing binaries (STDOUT, STG)#
#2026 06 02 13:12:36.989#Z#DEBUG#8a36148f-5e84-11f1-8cec-eeee0a892dcf.crm-project-db-deployer#flowable-async-job-executor-thread-2609#
[PollExecuteTaskStatusExecution] deda4d43-2412-4acd-80d1-1202fa84d62c [2026-06-02T13:12:04.983958] engines.node (package.json): >=18 (STDOUT, STG)#
#2026 06 02 13:12:36.989#Z#DEBUG#8a36148f-5e84-11f1-8cec-eeee0a892dcf.crm-project-db-deployer#flowable-async-job-executor-thread-2609#
[PollExecuteTaskStatusExecution] deda4d43-2412-4acd-80d1-1202fa84d62c [2026-06-02T13:12:04.987032] engines.npm (package.json): unspecified (use default) (STDOUT, STG)#
#2026 06 02 13:12:36.989#Z#DEBUG#8a36148f-5e84-11f1-8cec-eeee0a892dcf.crm-project-db-deployer#flowable-async-job-executor-thread-2609#
[PollExecuteTaskStatusExecution] deda4d43-2412-4acd-80d1-1202fa84d62c [2026-06-02T13:12:04.987061] [31;1m**WARNING**[0m Dangerous semver range (>) in engines.node. See: http://docs.cloudfoundry.org/buildpacks/node/node-tips.html (STDOUT, STG)#
#2026 06 02 13:12:36.989#Z#DEBUG#8a36148f-5e84-11f1-8cec-eeee0a892dcf.crm-project-db-deployer#flowable-async-job-executor-thread-2609#
[PollExecuteTaskStatusExecution] deda4d43-2412-4acd-80d1-1202fa84d62c [2026-06-02T13:12:04.987222] -----> Installing node 24.13.0 (STDOUT, STG)#
#2026 06 02 13:12:36.989#Z#DEBUG#8a36148f-5e84-11f1-8cec-eeee0a892dcf.crm-project-db-deployer#flowable-async-job-executor-thread-2609#
[PollExecuteTaskStatusExecution] deda4d43-2412-4acd-80d1-1202fa84d62c [2026-06-02T13:12:04.987442] Copy [/tmp/buildpacks/978cee5ec9c58000/dependencies/2f5692219fecc3eee6e6d507a6bfe7b9/node_24.13.0_linux_x64_cflinuxfs4_a816dee1.tgz] (STDOUT, STG)#
#2026 06 02 13:12:36.989#Z#DEBUG#8a36148f-5e84-11f1-8cec-eeee0a892dcf.crm-project-db-deployer#flowable-async-job-executor-thread-2609#
[PollExecuteTaskStatusExecution] deda4d43-2412-4acd-80d1-1202fa84d62c [2026-06-02T13:12:07.878368] Using default npm version: 11.6.2 (STDOUT, STG)#
#2026 06 02 13:12:36.989#Z#DEBUG#8a36148f-5e84-11f1-8cec-eeee0a892dcf.crm-project-db-deployer#flowable-async-job-executor-thread-2609#
[PollExecuteTaskStatusExecution] deda4d43-2412-4acd-80d1-1202fa84d62c [2026-06-02T13:12:07.878397] -----> Installing yarn 1.22.22 (STDOUT, STG)#
#2026 06 02 13:12:36.989#Z#DEBUG#8a36148f-5e84-11f1-8cec-eeee0a892dcf.crm-project-db-deployer#flowable-async-job-executor-thread-2609#
[PollExecuteTaskStatusExecution] deda4d43-2412-4acd-80d1-1202fa84d62c [2026-06-02T13:12:07.878599] Copy [/tmp/buildpacks/978cee5ec9c58000/dependencies/e3a39aedd1236924d69cc2d0637a8ed2/yarn_1.22.22_linux_noarch_any-stack_4911d0a6.tgz] (STDOUT, STG)#
#2026 06 02 13:12:36.989#Z#DEBUG#8a36148f-5e84-11f1-8cec-eeee0a892dcf.crm-project-db-deployer#flowable-async-job-executor-thread-2609#
[PollExecuteTaskStatusExecution] deda4d43-2412-4acd-80d1-1202fa84d62c [2026-06-02T13:12:08.277518] Installed yarn 1.22.22 (STDOUT, STG)#
#2026 06 02 13:12:36.989#Z#DEBUG#8a36148f-5e84-11f1-8cec-eeee0a892dcf.crm-project-db-deployer#flowable-async-job-executor-thread-2609#
[PollExecuteTaskStatusExecution] deda4d43-2412-4acd-80d1-1202fa84d62c [2026-06-02T13:12:08.277547] -----> Creating runtime environment (STDOUT, STG)#
#2026 06 02 13:12:36.989#Z#DEBUG#8a36148f-5e84-11f1-8cec-eeee0a892dcf.crm-project-db-deployer#flowable-async-job-executor-thread-2609#
[PollExecuteTaskStatusExecution] deda4d43-2412-4acd-80d1-1202fa84d62c [2026-06-02T13:12:08.279505] NODE_ENV=production (STDOUT, STG)#
#2026 06 02 13:12:36.989#Z#DEBUG#8a36148f-5e84-11f1-8cec-eeee0a892dcf.crm-project-db-deployer#flowable-async-job-executor-thread-2609#
[PollExecuteTaskStatusExecution] deda4d43-2412-4acd-80d1-1202fa84d62c [2026-06-02T13:12:08.279529] NODE_HOME=/tmp/contents2723997962/deps/0/node (STDOUT, STG)#
#2026 06 02 13:12:36.989#Z#DEBUG#8a36148f-5e84-11f1-8cec-eeee0a892dcf.crm-project-db-deployer#flowable-async-job-executor-thread-2609#
[PollExecuteTaskStatusExecution] deda4d43-2412-4acd-80d1-1202fa84d62c [2026-06-02T13:12:08.279532] NODE_MODULES_CACHE=true (STDOUT, STG)#
#2026 06 02 13:12:36.989#Z#DEBUG#8a36148f-5e84-11f1-8cec-eeee0a892dcf.crm-project-db-deployer#flowable-async-job-executor-thread-2609#
[PollExecuteTaskStatusExecution] deda4d43-2412-4acd-80d1-1202fa84d62c [2026-06-02T13:12:08.279534] NODE_VERBOSE=false (STDOUT, STG)#
#2026 06 02 13:12:36.989#Z#DEBUG#8a36148f-5e84-11f1-8cec-eeee0a892dcf.crm-project-db-deployer#flowable-async-job-executor-thread-2609#
[PollExecuteTaskStatusExecution] deda4d43-2412-4acd-80d1-1202fa84d62c [2026-06-02T13:12:08.279537] NPM_CONFIG_LOGLEVEL=error (STDOUT, STG)#
#2026 06 02 13:12:36.989#Z#DEBUG#8a36148f-5e84-11f1-8cec-eeee0a892dcf.crm-project-db-deployer#flowable-async-job-executor-thread-2609#
[PollExecuteTaskStatusExecution] deda4d43-2412-4acd-80d1-1202fa84d62c [2026-06-02T13:12:08.279541] NPM_CONFIG_PRODUCTION=true (STDOUT, STG)#
#2026 06 02 13:12:36.989#Z#DEBUG#8a36148f-5e84-11f1-8cec-eeee0a892dcf.crm-project-db-deployer#flowable-async-job-executor-thread-2609#
[PollExecuteTaskStatusExecution] deda4d43-2412-4acd-80d1-1202fa84d62c [2026-06-02T13:12:08.279556] -----> Building dependencies (STDOUT, STG)#
#2026 06 02 13:12:36.989#Z#DEBUG#8a36148f-5e84-11f1-8cec-eeee0a892dcf.crm-project-db-deployer#flowable-async-job-executor-thread-2609#
[PollExecuteTaskStatusExecution] deda4d43-2412-4acd-80d1-1202fa84d62c [2026-06-02T13:12:08.279558] Prebuild detected (node_modules already exists) (STDOUT, STG)#
#2026 06 02 13:12:36.989#Z#DEBUG#8a36148f-5e84-11f1-8cec-eeee0a892dcf.crm-project-db-deployer#flowable-async-job-executor-thread-2609#
[PollExecuteTaskStatusExecution] deda4d43-2412-4acd-80d1-1202fa84d62c [2026-06-02T13:12:08.279614] Rebuilding any native modules (STDOUT, STG)#
#2026 06 02 13:12:36.989#Z#DEBUG#8a36148f-5e84-11f1-8cec-eeee0a892dcf.crm-project-db-deployer#flowable-async-job-executor-thread-2609#
[PollExecuteTaskStatusExecution] deda4d43-2412-4acd-80d1-1202fa84d62c [2026-06-02T13:12:08.940940] rebuilt dependencies successfully (STDOUT, STG)#
#2026 06 02 13:12:36.989#Z#DEBUG#8a36148f-5e84-11f1-8cec-eeee0a892dcf.crm-project-db-deployer#flowable-async-job-executor-thread-2609#
[PollExecuteTaskStatusExecution] deda4d43-2412-4acd-80d1-1202fa84d62c [2026-06-02T13:12:09.013395] Installing any new modules (package.json + package-lock.json) (STDOUT, STG)#
#2026 06 02 13:12:36.989#Z#DEBUG#8a36148f-5e84-11f1-8cec-eeee0a892dcf.crm-project-db-deployer#flowable-async-job-executor-thread-2609#
[PollExecuteTaskStatusExecution] deda4d43-2412-4acd-80d1-1202fa84d62c [2026-06-02T13:12:09.543920] up to date in 441ms (STDOUT, STG)#
#2026 06 02 13:12:36.989#Z#DEBUG#8a36148f-5e84-11f1-8cec-eeee0a892dcf.crm-project-db-deployer#flowable-async-job-executor-thread-2609#
[PollExecuteTaskStatusExecution] deda4d43-2412-4acd-80d1-1202fa84d62c [2026-06-02T13:12:09.543964] 4 packages are looking for funding (STDOUT, STG)#
#2026 06 02 13:12:36.989#Z#DEBUG#8a36148f-5e84-11f1-8cec-eeee0a892dcf.crm-project-db-deployer#flowable-async-job-executor-thread-2609#
[PollExecuteTaskStatusExecution] deda4d43-2412-4acd-80d1-1202fa84d62c [2026-06-02T13:12:09.543980] run `npm fund` for details (STDOUT, STG)#
#2026 06 02 13:12:36.989#Z#DEBUG#8a36148f-5e84-11f1-8cec-eeee0a892dcf.crm-project-db-deployer#flowable-async-job-executor-thread-2609#
[PollExecuteTaskStatusExecution] deda4d43-2412-4acd-80d1-1202fa84d62c [2026-06-02T13:12:10.259004] Contrast Security no credentials found. Will not write environment files. (STDOUT, STG)#
#2026 06 02 13:12:36.989#Z#DEBUG#8a36148f-5e84-11f1-8cec-eeee0a892dcf.crm-project-db-deployer#flowable-async-job-executor-thread-2609#
[PollExecuteTaskStatusExecution] deda4d43-2412-4acd-80d1-1202fa84d62c [2026-06-02T13:12:19.746650] Exit status 0 (STDOUT, STG)#
#2026 06 02 13:12:36.989#Z#DEBUG#8a36148f-5e84-11f1-8cec-eeee0a892dcf.crm-project-db-deployer#flowable-async-job-executor-thread-2609#
[PollExecuteTaskStatusExecution] deda4d43-2412-4acd-80d1-1202fa84d62c [2026-06-02T13:12:19.746708] Uploading droplet, build artifacts cache... (STDOUT, STG)#
#2026 06 02 13:12:36.989#Z#DEBUG#8a36148f-5e84-11f1-8cec-eeee0a892dcf.crm-project-db-deployer#flowable-async-job-executor-thread-2609#
[PollExecuteTaskStatusExecution] deda4d43-2412-4acd-80d1-1202fa84d62c [2026-06-02T13:12:19.746746] Uploading droplet... (STDOUT, STG)#
#2026 06 02 13:12:36.989#Z#DEBUG#8a36148f-5e84-11f1-8cec-eeee0a892dcf.crm-project-db-deployer#flowable-async-job-executor-thread-2609#
[PollExecuteTaskStatusExecution] deda4d43-2412-4acd-80d1-1202fa84d62c [2026-06-02T13:12:19.746791] Uploading build artifacts cache... (STDOUT, STG)#
#2026 06 02 13:12:36.989#Z#DEBUG#8a36148f-5e84-11f1-8cec-eeee0a892dcf.crm-project-db-deployer#flowable-async-job-executor-thread-2609#
[PollExecuteTaskStatusExecution] deda4d43-2412-4acd-80d1-1202fa84d62c [2026-06-02T13:12:19.776468] Uploaded build artifacts cache (225B) (STDOUT, STG)#
#2026 06 02 13:12:36.989#Z#DEBUG#8a36148f-5e84-11f1-8cec-eeee0a892dcf.crm-project-db-deployer#flowable-async-job-executor-thread-2609#
[PollExecuteTaskStatusExecution] deda4d43-2412-4acd-80d1-1202fa84d62c [2026-06-02T13:12:20.538470] Creating droplet for app with guid deda4d43-2412-4acd-80d1-1202fa84d62c (STDOUT, API)#
#2026 06 02 13:12:36.989#Z#DEBUG#8a36148f-5e84-11f1-8cec-eeee0a892dcf.crm-project-db-deployer#flowable-async-job-executor-thread-2609#
[PollExecuteTaskStatusExecution] deda4d43-2412-4acd-80d1-1202fa84d62c [2026-06-02T13:12:23.604945] Uploaded droplet (58.4M) (STDOUT, STG)#
#2026 06 02 13:12:36.989#Z#DEBUG#8a36148f-5e84-11f1-8cec-eeee0a892dcf.crm-project-db-deployer#flowable-async-job-executor-thread-2609#
[PollExecuteTaskStatusExecution] deda4d43-2412-4acd-80d1-1202fa84d62c [2026-06-02T13:12:23.629077] Uploading complete (STDOUT, STG)#
#2026 06 02 13:12:36.989#Z#DEBUG#8a36148f-5e84-11f1-8cec-eeee0a892dcf.crm-project-db-deployer#flowable-async-job-executor-thread-2609#
[PollExecuteTaskStatusExecution] deda4d43-2412-4acd-80d1-1202fa84d62c [2026-06-02T13:12:23.920072] Cell d1cc041a-d5a1-41d6-b9f6-6cda736ce3f0 stopping instance c2c42262-75dd-4f2a-b80f-19c3b6dfc0ee (STDOUT, STG)#
#2026 06 02 13:12:36.989#Z#DEBUG#8a36148f-5e84-11f1-8cec-eeee0a892dcf.crm-project-db-deployer#flowable-async-job-executor-thread-2609#
[PollExecuteTaskStatusExecution] deda4d43-2412-4acd-80d1-1202fa84d62c [2026-06-02T13:12:23.920118] Cell d1cc041a-d5a1-41d6-b9f6-6cda736ce3f0 destroying container for instance c2c42262-75dd-4f2a-b80f-19c3b6dfc0ee (STDOUT, STG)#
#2026 06 02 13:12:36.989#Z#DEBUG#8a36148f-5e84-11f1-8cec-eeee0a892dcf.crm-project-db-deployer#flowable-async-job-executor-thread-2609#
[PollExecuteTaskStatusExecution] deda4d43-2412-4acd-80d1-1202fa84d62c [2026-06-02T13:12:23.978010] Staging complete for build c2c42262-75dd-4f2a-b80f-19c3b6dfc0ee (STDOUT, API)#
#2026 06 02 13:12:36.989#Z#DEBUG#8a36148f-5e84-11f1-8cec-eeee0a892dcf.crm-project-db-deployer#flowable-async-job-executor-thread-2609#
[PollExecuteTaskStatusExecution] deda4d43-2412-4acd-80d1-1202fa84d62c [2026-06-02T13:12:26.924545] Updated app with guid deda4d43-2412-4acd-80d1-1202fa84d62c ({:droplet_guid=>"b7a2e42d-5bb2-490c-848f-f8e4f390feb3"}) (STDOUT, API)#
#2026 06 02 13:12:36.989#Z#DEBUG#8a36148f-5e84-11f1-8cec-eeee0a892dcf.crm-project-db-deployer#flowable-async-job-executor-thread-2609#
[PollExecuteTaskStatusExecution] deda4d43-2412-4acd-80d1-1202fa84d62c [2026-06-02T13:12:27.477098] Cell 684caff8-89cd-492b-be01-b3d0835f1763 creating container for instance fb2622bc-9034-4b66-9b46-a0b6083eac79 (STDOUT, CELL)#
#2026 06 02 13:12:36.989#Z#DEBUG#8a36148f-5e84-11f1-8cec-eeee0a892dcf.crm-project-db-deployer#flowable-async-job-executor-thread-2609#
[PollExecuteTaskStatusExecution] deda4d43-2412-4acd-80d1-1202fa84d62c [2026-06-02T13:12:28.246263] Cell d1cc041a-d5a1-41d6-b9f6-6cda736ce3f0 successfully destroyed container for instance c2c42262-75dd-4f2a-b80f-19c3b6dfc0ee (STDOUT, STG)#
#2026 06 02 13:12:36.989#Z#DEBUG#8a36148f-5e84-11f1-8cec-eeee0a892dcf.crm-project-db-deployer#flowable-async-job-executor-thread-2609#
[PollExecuteTaskStatusExecution] deda4d43-2412-4acd-80d1-1202fa84d62c [2026-06-02T13:12:28.293130] Security group rules were updated (STDOUT, CELL)#
#2026 06 02 13:12:36.989#Z#DEBUG#8a36148f-5e84-11f1-8cec-eeee0a892dcf.crm-project-db-deployer#flowable-async-job-executor-thread-2609#
[PollExecuteTaskStatusExecution] deda4d43-2412-4acd-80d1-1202fa84d62c [2026-06-02T13:12:28.389973] Cell 684caff8-89cd-492b-be01-b3d0835f1763 successfully created container for instance fb2622bc-9034-4b66-9b46-a0b6083eac79 (STDOUT, CELL)#
#2026 06 02 13:12:36.989#Z#DEBUG#8a36148f-5e84-11f1-8cec-eeee0a892dcf.crm-project-db-deployer#flowable-async-job-executor-thread-2609#
[PollExecuteTaskStatusExecution] deda4d43-2412-4acd-80d1-1202fa84d62c [2026-06-02T13:12:33.396453] Invoking pre-start scripts. (STDOUT, APP/TASK/deploy)#
#2026 06 02 13:12:36.989#Z#DEBUG#8a36148f-5e84-11f1-8cec-eeee0a892dcf.crm-project-db-deployer#flowable-async-job-executor-thread-2609#
[PollExecuteTaskStatusExecution] deda4d43-2412-4acd-80d1-1202fa84d62c [2026-06-02T13:12:33.597883] Invoking start command. (STDOUT, APP/TASK/deploy)#
#2026 06 02 13:12:36.989#Z#DEBUG#8a36148f-5e84-11f1-8cec-eeee0a892dcf.crm-project-db-deployer#flowable-async-job-executor-thread-2609#
[PollExecuteTaskStatusExecution] deda4d43-2412-4acd-80d1-1202fa84d62c [2026-06-02T13:12:34.057913] > start (STDOUT, APP/TASK/deploy)#
#2026 06 02 13:12:36.989#Z#DEBUG#8a36148f-5e84-11f1-8cec-eeee0a892dcf.crm-project-db-deployer#flowable-async-job-executor-thread-2609#
[PollExecuteTaskStatusExecution] deda4d43-2412-4acd-80d1-1202fa84d62c [2026-06-02T13:12:34.057944] > node node_modules/@sap/hdi-deploy/deploy.js --use-hdb --parameter com.sap.hana.di.table/try_fast_table_migration=true (STDOUT, APP/TASK/deploy)#
#2026 06 02 13:12:36.989#Z#DEBUG#8a36148f-5e84-11f1-8cec-eeee0a892dcf.crm-project-db-deployer#flowable-async-job-executor-thread-2609#
[PollExecuteTaskStatusExecution] deda4d43-2412-4acd-80d1-1202fa84d62c [2026-06-02T13:12:34.237861] VCAP_SERVICES: (STDOUT, APP/TASK/deploy)#
#2026 06 02 13:12:36.989#Z#DEBUG#8a36148f-5e84-11f1-8cec-eeee0a892dcf.crm-project-db-deployer#flowable-async-job-executor-thread-2609#
[PollExecuteTaskStatusExecution] deda4d43-2412-4acd-80d1-1202fa84d62c [2026-06-02T13:12:34.238098] { (STDOUT, APP/TASK/deploy)#
#2026 06 02 13:12:36.989#Z#DEBUG#8a36148f-5e84-11f1-8cec-eeee0a892dcf.crm-project-db-deployer#flowable-async-job-executor-thread-2609#
[PollExecuteTaskStatusExecution] deda4d43-2412-4acd-80d1-1202fa84d62c [2026-06-02T13:12:34.238118] "hana": [ (STDOUT, APP/TASK/deploy)#
#2026 06 02 13:12:36.989#Z#DEBUG#8a36148f-5e84-11f1-8cec-eeee0a892dcf.crm-project-db-deployer#flowable-async-job-executor-thread-2609#
[PollExecuteTaskStatusExecution] deda4d43-2412-4acd-80d1-1202fa84d62c [2026-06-02T13:12:34.238121] { (STDOUT, APP/TASK/deploy)#
#2026 06 02 13:12:36.989#Z#DEBUG#8a36148f-5e84-11f1-8cec-eeee0a892dcf.crm-project-db-deployer#flowable-async-job-executor-thread-2609#
[PollExecuteTaskStatusExecution] deda4d43-2412-4acd-80d1-1202fa84d62c [2026-06-02T13:12:34.238126] "name": "crm-db-container", (STDOUT, APP/TASK/deploy)#
#2026 06 02 13:12:36.990#Z#DEBUG#8a36148f-5e84-11f1-8cec-eeee0a892dcf.crm-project-db-deployer#flowable-async-job-executor-thread-2609#
[PollExecuteTaskStatusExecution] deda4d43-2412-4acd-80d1-1202fa84d62c [2026-06-02T13:12:34.238129] "label": "hana", (STDOUT, APP/TASK/deploy)#
#2026 06 02 13:12:36.990#Z#DEBUG#8a36148f-5e84-11f1-8cec-eeee0a892dcf.crm-project-db-deployer#flowable-async-job-executor-thread-2609#
[PollExecuteTaskStatusExecution] deda4d43-2412-4acd-80d1-1202fa84d62c [2026-06-02T13:12:34.238133] "plan": "hdi-shared", (STDOUT, APP/TASK/deploy)#
#2026 06 02 13:12:36.990#Z#DEBUG#8a36148f-5e84-11f1-8cec-eeee0a892dcf.crm-project-db-deployer#flowable-async-job-executor-thread-2609#
[PollExecuteTaskStatusExecution] deda4d43-2412-4acd-80d1-1202fa84d62c [2026-06-02T13:12:34.238135] "credentials": { (STDOUT, APP/TASK/deploy)#
#2026 06 02 13:12:36.990#Z#DEBUG#8a36148f-5e84-11f1-8cec-eeee0a892dcf.crm-project-db-deployer#flowable-async-job-executor-thread-2609#
[PollExecuteTaskStatusExecution] deda4d43-2412-4acd-80d1-1202fa84d62c [2026-06-02T13:12:34.238138] "schema": "BE6BABD4914B4D038361DCFD8B7BC307", (STDOUT, APP/TASK/deploy)#
#2026 06 02 13:12:36.990#Z#DEBUG#8a36148f-5e84-11f1-8cec-eeee0a892dcf.crm-project-db-deployer#flowable-async-job-executor-thread-2609#
[PollExecuteTaskStatusExecution] deda4d43-2412-4acd-80d1-1202fa84d62c [2026-06-02T13:12:34.238141] "database_id": "97e3fdd2-3e07-45f2-8afa-c4de5040f520", (STDOUT, APP/TASK/deploy)#
#2026 06 02 13:12:36.990#Z#DEBUG#8a36148f-5e84-11f1-8cec-eeee0a892dcf.crm-project-db-deployer#flowable-async-job-executor-thread-2609#
[PollExecuteTaskStatusExecution] deda4d43-2412-4acd-80d1-1202fa84d62c [2026-06-02T13:12:34.238149] "user": "BE6BABD4914B4D038361DCFD8B7BC307_01S1OOUKBRCZY1L9ORW0EBC7D_RT", (STDOUT, APP/TASK/deploy)#
#2026 06 02 13:12:36.990#Z#DEBUG#8a36148f-5e84-11f1-8cec-eeee0a892dcf.crm-project-db-deployer#flowable-async-job-executor-thread-2609#
[PollExecuteTaskStatusExecution] deda4d43-2412-4acd-80d1-1202fa84d62c [2026-06-02T13:12:34.238157] "hdi_user": "BE6BABD4914B4D038361DCFD8B7BC307_01S1OOUKBRCZY1L9ORW0EBC7D_DT" (STDOUT, APP/TASK/deploy)#
#2026 06 02 13:12:36.990#Z#DEBUG#8a36148f-5e84-11f1-8cec-eeee0a892dcf.crm-project-db-deployer#flowable-async-job-executor-thread-2609#
[PollExecuteTaskStatusExecution] deda4d43-2412-4acd-80d1-1202fa84d62c [2026-06-02T13:12:34.238159] }, (STDOUT, APP/TASK/deploy)#
#2026 06 02 13:12:36.990#Z#DEBUG#8a36148f-5e84-11f1-8cec-eeee0a892dcf.crm-project-db-deployer#flowable-async-job-executor-thread-2609#
[PollExecuteTaskStatusExecution] deda4d43-2412-4acd-80d1-1202fa84d62c [2026-06-02T13:12:34.238161] "tags": [ (STDOUT, APP/TASK/deploy)#
#2026 06 02 13:12:36.990#Z#DEBUG#8a36148f-5e84-11f1-8cec-eeee0a892dcf.crm-project-db-deployer#flowable-async-job-executor-thread-2609#
[PollExecuteTaskStatusExecution] deda4d43-2412-4acd-80d1-1202fa84d62c [2026-06-02T13:12:34.238164] "hana", (STDOUT, APP/TASK/deploy)#
#2026 06 02 13:12:36.990#Z#DEBUG#8a36148f-5e84-11f1-8cec-eeee0a892dcf.crm-project-db-deployer#flowable-async-job-executor-thread-2609#
[PollExecuteTaskStatusExecution] deda4d43-2412-4acd-80d1-1202fa84d62c [2026-06-02T13:12:34.238166] "database", (STDOUT, APP/TASK/deploy)#
#2026 06 02 13:12:36.990#Z#DEBUG#8a36148f-5e84-11f1-8cec-eeee0a892dcf.crm-project-db-deployer#flowable-async-job-executor-thread-2609#
[PollExecuteTaskStatusExecution] deda4d43-2412-4acd-80d1-1202fa84d62c [2026-06-02T13:12:34.238168] "relational" (STDOUT, APP/TASK/deploy)#
#2026 06 02 13:12:36.990#Z#DEBUG#8a36148f-5e84-11f1-8cec-eeee0a892dcf.crm-project-db-deployer#flowable-async-job-executor-thread-2609#
[PollExecuteTaskStatusExecution] deda4d43-2412-4acd-80d1-1202fa84d62c [2026-06-02T13:12:34.238170] ] (STDOUT, APP/TASK/deploy)#
#2026 06 02 13:12:36.990#Z#DEBUG#8a36148f-5e84-11f1-8cec-eeee0a892dcf.crm-project-db-deployer#flowable-async-job-executor-thread-2609#
[PollExecuteTaskStatusExecution] deda4d43-2412-4acd-80d1-1202fa84d62c [2026-06-02T13:12:34.238172] } (STDOUT, APP/TASK/deploy)#
#2026 06 02 13:12:36.990#Z#DEBUG#8a36148f-5e84-11f1-8cec-eeee0a892dcf.crm-project-db-deployer#flowable-async-job-executor-thread-2609#
[PollExecuteTaskStatusExecution] deda4d43-2412-4acd-80d1-1202fa84d62c [2026-06-02T13:12:34.238174] ] (STDOUT, APP/TASK/deploy)#
#2026 06 02 13:12:36.990#Z#DEBUG#8a36148f-5e84-11f1-8cec-eeee0a892dcf.crm-project-db-deployer#flowable-async-job-executor-thread-2609#
[PollExecuteTaskStatusExecution] deda4d43-2412-4acd-80d1-1202fa84d62c [2026-06-02T13:12:34.238177] } (STDOUT, APP/TASK/deploy)#
#2026 06 02 13:12:36.990#Z#DEBUG#8a36148f-5e84-11f1-8cec-eeee0a892dcf.crm-project-db-deployer#flowable-async-job-executor-thread-2609#
[PollExecuteTaskStatusExecution] deda4d43-2412-4acd-80d1-1202fa84d62c [2026-06-02T13:12:34.627187] @sap/hdi-deploy, version 5.6.1 (mode default), server version 4.00.000.00.1779884529 (4.0.0.0), cloud version 2026.2.16, node version 24.13.0, HDI version 1016, container API version 1007 (STDOUT, APP/TASK/deploy)#
#2026 06 02 13:12:36.990#Z#DEBUG#8a36148f-5e84-11f1-8cec-eeee0a892dcf.crm-project-db-deployer#flowable-async-job-executor-thread-2609#
[PollExecuteTaskStatusExecution] deda4d43-2412-4acd-80d1-1202fa84d62c [2026-06-02T13:12:34.627459] Deployment started at 2026-06-02 13:12:34 (STDOUT, APP/TASK/deploy)#
#2026 06 02 13:12:36.990#Z#DEBUG#8a36148f-5e84-11f1-8cec-eeee0a892dcf.crm-project-db-deployer#flowable-async-job-executor-thread-2609#
[PollExecuteTaskStatusExecution] deda4d43-2412-4acd-80d1-1202fa84d62c [2026-06-02T13:12:34.627760] Using hdb@2.27.1 for connection (STDOUT, APP/TASK/deploy)#
#2026 06 02 13:12:36.990#Z#DEBUG#8a36148f-5e84-11f1-8cec-eeee0a892dcf.crm-project-db-deployer#flowable-async-job-executor-thread-2609#
[PollExecuteTaskStatusExecution] deda4d43-2412-4acd-80d1-1202fa84d62c [2026-06-02T13:12:34.645964] No ignore file at /home/vcap/app/.hdiignore. (STDOUT, APP/TASK/deploy)#
#2026 06 02 13:12:36.990#Z#DEBUG#8a36148f-5e84-11f1-8cec-eeee0a892dcf.crm-project-db-deployer#flowable-async-job-executor-thread-2609#
[PollExecuteTaskStatusExecution] deda4d43-2412-4acd-80d1-1202fa84d62c [2026-06-02T13:12:34.646267] Collecting files... (STDOUT, APP/TASK/deploy)#
#2026 06 02 13:12:36.990#Z#DEBUG#8a36148f-5e84-11f1-8cec-eeee0a892dcf.crm-project-db-deployer#flowable-async-job-executor-thread-2609#
[PollExecuteTaskStatusExecution] deda4d43-2412-4acd-80d1-1202fa84d62c [2026-06-02T13:12:34.652488] Collecting files... ok (0s 6ms) (STDOUT, APP/TASK/deploy)#
#2026 06 02 13:12:36.990#Z#DEBUG#8a36148f-5e84-11f1-8cec-eeee0a892dcf.crm-project-db-deployer#flowable-async-job-executor-thread-2609#
[PollExecuteTaskStatusExecution] deda4d43-2412-4acd-80d1-1202fa84d62c [2026-06-02T13:12:34.652527] 3 directories collected (STDOUT, APP/TASK/deploy)#
#2026 06 02 13:12:36.990#Z#DEBUG#8a36148f-5e84-11f1-8cec-eeee0a892dcf.crm-project-db-deployer#flowable-async-job-executor-thread-2609#
[PollExecuteTaskStatusExecution] deda4d43-2412-4acd-80d1-1202fa84d62c [2026-06-02T13:12:34.652616] 107 files collected (STDOUT, APP/TASK/deploy)#
#2026 06 02 13:12:36.990#Z#DEBUG#8a36148f-5e84-11f1-8cec-eeee0a892dcf.crm-project-db-deployer#flowable-async-job-executor-thread-2609#
[PollExecuteTaskStatusExecution] deda4d43-2412-4acd-80d1-1202fa84d62c [2026-06-02T13:12:34.652639] 0 reusable modules collected (STDOUT, APP/TASK/deploy)#
#2026 06 02 13:12:36.990#Z#DEBUG#8a36148f-5e84-11f1-8cec-eeee0a892dcf.crm-project-db-deployer#flowable-async-job-executor-thread-2609#
[PollExecuteTaskStatusExecution] deda4d43-2412-4acd-80d1-1202fa84d62c [2026-06-02T13:12:34.652709] Target service: crm-db-container (STDOUT, APP/TASK/deploy)#
#2026 06 02 13:12:36.990#Z#DEBUG#8a36148f-5e84-11f1-8cec-eeee0a892dcf.crm-project-db-deployer#flowable-async-job-executor-thread-2609#
[PollExecuteTaskStatusExecution] deda4d43-2412-4acd-80d1-1202fa84d62c [2026-06-02T13:12:34.798944] Previous build with request ID 58 finished at 2026-06-02T10:47:12.977 with status Rolled back and message: Starting make in the container "BE6BABD4914B4D038361DCFD8B7BC307" with 0 files to deploy, 0 files to undeploy... ok. (STDOUT, APP/TASK/deploy)#
#2026 06 02 13:12:36.990#Z#DEBUG#8a36148f-5e84-11f1-8cec-eeee0a892dcf.crm-project-db-deployer#flowable-async-job-executor-thread-2609#
[PollExecuteTaskStatusExecution] deda4d43-2412-4acd-80d1-1202fa84d62c [2026-06-02T13:12:34.799033] Processing revoke files... (STDOUT, APP/TASK/deploy)#
#2026 06 02 13:12:36.990#Z#DEBUG#8a36148f-5e84-11f1-8cec-eeee0a892dcf.crm-project-db-deployer#flowable-async-job-executor-thread-2609#
[PollExecuteTaskStatusExecution] deda4d43-2412-4acd-80d1-1202fa84d62c [2026-06-02T13:12:34.799147] Processing revoke files... ok (0s 0ms) (STDOUT, APP/TASK/deploy)#
#2026 06 02 13:12:36.990#Z#DEBUG#8a36148f-5e84-11f1-8cec-eeee0a892dcf.crm-project-db-deployer#flowable-async-job-executor-thread-2609#
[PollExecuteTaskStatusExecution] deda4d43-2412-4acd-80d1-1202fa84d62c [2026-06-02T13:12:34.799266] Processing grants files... (STDOUT, APP/TASK/deploy)#
#2026 06 02 13:12:36.990#Z#DEBUG#8a36148f-5e84-11f1-8cec-eeee0a892dcf.crm-project-db-deployer#flowable-async-job-executor-thread-2609#
[PollExecuteTaskStatusExecution] deda4d43-2412-4acd-80d1-1202fa84d62c [2026-06-02T13:12:34.799311] Processing grants files... ok (0s 0ms) (STDOUT, APP/TASK/deploy)#
#2026 06 02 13:12:36.990#Z#DEBUG#8a36148f-5e84-11f1-8cec-eeee0a892dcf.crm-project-db-deployer#flowable-async-job-executor-thread-2609#
[PollExecuteTaskStatusExecution] deda4d43-2412-4acd-80d1-1202fa84d62c [2026-06-02T13:12:34.802397] Preprocessing files... (STDOUT, APP/TASK/deploy)#
#2026 06 02 13:12:36.990#Z#DEBUG#8a36148f-5e84-11f1-8cec-eeee0a892dcf.crm-project-db-deployer#flowable-async-job-executor-thread-2609#
[PollExecuteTaskStatusExecution] deda4d43-2412-4acd-80d1-1202fa84d62c [2026-06-02T13:12:34.802707] Preprocessing files... ok (0s 0ms) (STDOUT, APP/TASK/deploy)#
#2026 06 02 13:12:36.990#Z#DEBUG#8a36148f-5e84-11f1-8cec-eeee0a892dcf.crm-project-db-deployer#flowable-async-job-executor-thread-2609#
[PollExecuteTaskStatusExecution] deda4d43-2412-4acd-80d1-1202fa84d62c [2026-06-02T13:12:34.802726] Connecting to the container "BE6BABD4914B4D038361DCFD8B7BC307"... (STDOUT, APP/TASK/deploy)#
#2026 06 02 13:12:36.990#Z#DEBUG#8a36148f-5e84-11f1-8cec-eeee0a892dcf.crm-project-db-deployer#flowable-async-job-executor-thread-2609#
[PollExecuteTaskStatusExecution] deda4d43-2412-4acd-80d1-1202fa84d62c [2026-06-02T13:12:34.865778] Connecting to the container "BE6BABD4914B4D038361DCFD8B7BC307"... ok (0s 63ms) (STDOUT, APP/TASK/deploy)#
#2026 06 02 13:12:36.990#Z#DEBUG#8a36148f-5e84-11f1-8cec-eeee0a892dcf.crm-project-db-deployer#flowable-async-job-executor-thread-2609#
[PollExecuteTaskStatusExecution] deda4d43-2412-4acd-80d1-1202fa84d62c [2026-06-02T13:12:34.865806] Locking the container "BE6BABD4914B4D038361DCFD8B7BC307"... (STDOUT, APP/TASK/deploy)#
#2026 06 02 13:12:36.990#Z#DEBUG#8a36148f-5e84-11f1-8cec-eeee0a892dcf.crm-project-db-deployer#flowable-async-job-executor-thread-2609#
[PollExecuteTaskStatusExecution] deda4d43-2412-4acd-80d1-1202fa84d62c [2026-06-02T13:12:35.028951] Locking the container "BE6BABD4914B4D038361DCFD8B7BC307"... ok (0s 163ms) (STDOUT, APP/TASK/deploy)#
#2026 06 02 13:12:36.990#Z#DEBUG#8a36148f-5e84-11f1-8cec-eeee0a892dcf.crm-project-db-deployer#flowable-async-job-executor-thread-2609#
[PollExecuteTaskStatusExecution] deda4d43-2412-4acd-80d1-1202fa84d62c [2026-06-02T13:12:35.028977] Synchronizing files with the container "BE6BABD4914B4D038361DCFD8B7BC307"... (STDOUT, APP/TASK/deploy)#
#2026 06 02 13:12:36.990#Z#DEBUG#8a36148f-5e84-11f1-8cec-eeee0a892dcf.crm-project-db-deployer#flowable-async-job-executor-thread-2609#
[PollExecuteTaskStatusExecution] deda4d43-2412-4acd-80d1-1202fa84d62c [2026-06-02T13:12:35.471669] Deleting files... (STDOUT, APP/TASK/deploy)#
#2026 06 02 13:12:36.990#Z#DEBUG#8a36148f-5e84-11f1-8cec-eeee0a892dcf.crm-project-db-deployer#flowable-async-job-executor-thread-2609#
[PollExecuteTaskStatusExecution] deda4d43-2412-4acd-80d1-1202fa84d62c [2026-06-02T13:12:35.614006] Deleting files... ok (STDOUT, APP/TASK/deploy)#
#2026 06 02 13:12:36.990#Z#DEBUG#8a36148f-5e84-11f1-8cec-eeee0a892dcf.crm-project-db-deployer#flowable-async-job-executor-thread-2609#
[PollExecuteTaskStatusExecution] deda4d43-2412-4acd-80d1-1202fa84d62c [2026-06-02T13:12:35.614044] Writing files... (STDOUT, APP/TASK/deploy)#
#2026 06 02 13:12:36.990#Z#DEBUG#8a36148f-5e84-11f1-8cec-eeee0a892dcf.crm-project-db-deployer#flowable-async-job-executor-thread-2609#
[PollExecuteTaskStatusExecution] deda4d43-2412-4acd-80d1-1202fa84d62c [2026-06-02T13:12:35.614127] Writing 3 items (STDOUT, APP/TASK/deploy)#
#2026 06 02 13:12:36.990#Z#DEBUG#8a36148f-5e84-11f1-8cec-eeee0a892dcf.crm-project-db-deployer#flowable-async-job-executor-thread-2609#
[PollExecuteTaskStatusExecution] deda4d43-2412-4acd-80d1-1202fa84d62c [2026-06-02T13:12:35.755215] Writing files... ok (STDOUT, APP/TASK/deploy)#
#2026 06 02 13:12:36.990#Z#DEBUG#8a36148f-5e84-11f1-8cec-eeee0a892dcf.crm-project-db-deployer#flowable-async-job-executor-thread-2609#
[PollExecuteTaskStatusExecution] deda4d43-2412-4acd-80d1-1202fa84d62c [2026-06-02T13:12:35.755245] Synchronizing files with the container "BE6BABD4914B4D038361DCFD8B7BC307"... ok (0s 726ms) (STDOUT, APP/TASK/deploy)#
#2026 06 02 13:12:36.990#Z#DEBUG#8a36148f-5e84-11f1-8cec-eeee0a892dcf.crm-project-db-deployer#flowable-async-job-executor-thread-2609#
[PollExecuteTaskStatusExecution] deda4d43-2412-4acd-80d1-1202fa84d62c [2026-06-02T13:12:35.755514] added files: [] (STDOUT, APP/TASK/deploy)#
#2026 06 02 13:12:36.990#Z#DEBUG#8a36148f-5e84-11f1-8cec-eeee0a892dcf.crm-project-db-deployer#flowable-async-job-executor-thread-2609#
[PollExecuteTaskStatusExecution] deda4d43-2412-4acd-80d1-1202fa84d62c [2026-06-02T13:12:35.755533] modified files: [] (STDOUT, APP/TASK/deploy)#
#2026 06 02 13:12:36.990#Z#DEBUG#8a36148f-5e84-11f1-8cec-eeee0a892dcf.crm-project-db-deployer#flowable-async-job-executor-thread-2609#
[PollExecuteTaskStatusExecution] deda4d43-2412-4acd-80d1-1202fa84d62c [2026-06-02T13:12:35.755536] deleted files: [] (STDOUT, APP/TASK/deploy)#
#2026 06 02 13:12:36.990#Z#DEBUG#8a36148f-5e84-11f1-8cec-eeee0a892dcf.crm-project-db-deployer#flowable-async-job-executor-thread-2609#
[PollExecuteTaskStatusExecution] deda4d43-2412-4acd-80d1-1202fa84d62c [2026-06-02T13:12:35.755608] 0 modified or added files are scheduled for deploy based on delta detection (STDOUT, APP/TASK/deploy)#
#2026 06 02 13:12:36.990#Z#DEBUG#8a36148f-5e84-11f1-8cec-eeee0a892dcf.crm-project-db-deployer#flowable-async-job-executor-thread-2609#
[PollExecuteTaskStatusExecution] deda4d43-2412-4acd-80d1-1202fa84d62c [2026-06-02T13:12:35.755872] 0 deleted files are scheduled for undeploy based on delta detection (filtered by undeploy allowlist) (STDOUT, APP/TASK/deploy)#
#2026 06 02 13:12:36.990#Z#DEBUG#8a36148f-5e84-11f1-8cec-eeee0a892dcf.crm-project-db-deployer#flowable-async-job-executor-thread-2609#
[PollExecuteTaskStatusExecution] deda4d43-2412-4acd-80d1-1202fa84d62c [2026-06-02T13:12:35.755911] 0 files are scheduled for deploy based on explicit specification (STDOUT, APP/TASK/deploy)#
#2026 06 02 13:12:36.990#Z#DEBUG#8a36148f-5e84-11f1-8cec-eeee0a892dcf.crm-project-db-deployer#flowable-async-job-executor-thread-2609#
[PollExecuteTaskStatusExecution] deda4d43-2412-4acd-80d1-1202fa84d62c [2026-06-02T13:12:35.755916] 0 files are scheduled for undeploy based on explicit specification (STDOUT, APP/TASK/deploy)#
#2026 06 02 13:12:36.990#Z#DEBUG#8a36148f-5e84-11f1-8cec-eeee0a892dcf.crm-project-db-deployer#flowable-async-job-executor-thread-2609#
[PollExecuteTaskStatusExecution] deda4d43-2412-4acd-80d1-1202fa84d62c [2026-06-02T13:12:35.755943] Deploying to the container "BE6BABD4914B4D038361DCFD8B7BC307"... (STDOUT, APP/TASK/deploy)#
#2026 06 02 13:12:36.990#Z#DEBUG#8a36148f-5e84-11f1-8cec-eeee0a892dcf.crm-project-db-deployer#flowable-async-job-executor-thread-2609#
[PollExecuteTaskStatusExecution] deda4d43-2412-4acd-80d1-1202fa84d62c [2026-06-02T13:12:35.952099] Polling messages for request id: 63 (STDOUT, APP/TASK/deploy)#
#2026 06 02 13:12:36.990#Z#DEBUG#8a36148f-5e84-11f1-8cec-eeee0a892dcf.crm-project-db-deployer#flowable-async-job-executor-thread-2609#
[PollExecuteTaskStatusExecution] deda4d43-2412-4acd-80d1-1202fa84d62c [2026-06-02T13:12:36.016985] Starting make in the container "BE6BABD4914B4D038361DCFD8B7BC307" with 0 files to deploy, 0 files to undeploy... (STDOUT, APP/TASK/deploy)#
#2026 06 02 13:12:36.990#Z#DEBUG#8a36148f-5e84-11f1-8cec-eeee0a892dcf.crm-project-db-deployer#flowable-async-job-executor-thread-2609#
[PollExecuteTaskStatusExecution] deda4d43-2412-4acd-80d1-1202fa84d62c [2026-06-02T13:12:36.017021] Disabling table replication for the container schema "BE6BABD4914B4D038361DCFD8B7BC307"... (STDOUT, APP/TASK/deploy)#
#2026 06 02 13:12:36.990#Z#DEBUG#8a36148f-5e84-11f1-8cec-eeee0a892dcf.crm-project-db-deployer#flowable-async-job-executor-thread-2609#
[PollExecuteTaskStatusExecution] deda4d43-2412-4acd-80d1-1202fa84d62c [2026-06-02T13:12:36.017618] Disabling table replication for the container schema "BE6BABD4914B4D038361DCFD8B7BC307"... ok (0s 19ms) (STDOUT, APP/TASK/deploy)#
#2026 06 02 13:12:36.990#Z#DEBUG#8a36148f-5e84-11f1-8cec-eeee0a892dcf.crm-project-db-deployer#flowable-async-job-executor-thread-2609#
[PollExecuteTaskStatusExecution] deda4d43-2412-4acd-80d1-1202fa84d62c [2026-06-02T13:12:36.017635] Migrating libraries... (STDOUT, APP/TASK/deploy)#
#2026 06 02 13:12:36.990#Z#DEBUG#8a36148f-5e84-11f1-8cec-eeee0a892dcf.crm-project-db-deployer#flowable-async-job-executor-thread-2609#
[PollExecuteTaskStatusExecution] deda4d43-2412-4acd-80d1-1202fa84d62c [2026-06-02T13:12:36.017640] Migrating libraries... ok (0s 24ms) (STDOUT, APP/TASK/deploy)#
#2026 06 02 13:12:36.990#Z#DEBUG#8a36148f-5e84-11f1-8cec-eeee0a892dcf.crm-project-db-deployer#flowable-async-job-executor-thread-2609#
[PollExecuteTaskStatusExecution] deda4d43-2412-4acd-80d1-1202fa84d62c [2026-06-02T13:12:36.017643] Making... (STDOUT, APP/TASK/deploy)#
#2026 06 02 13:12:36.990#Z#DEBUG#8a36148f-5e84-11f1-8cec-eeee0a892dcf.crm-project-db-deployer#flowable-async-job-executor-thread-2609#
[PollExecuteTaskStatusExecution] deda4d43-2412-4acd-80d1-1202fa84d62c [2026-06-02T13:12:36.082550] Preparing... (STDOUT, APP/TASK/deploy)#
#2026 06 02 13:12:36.990#Z#DEBUG#8a36148f-5e84-11f1-8cec-eeee0a892dcf.crm-project-db-deployer#flowable-async-job-executor-thread-2609#
[PollExecuteTaskStatusExecution] deda4d43-2412-4acd-80d1-1202fa84d62c [2026-06-02T13:12:36.082790] Preparing... ok (0s 0ms) (STDOUT, APP/TASK/deploy)#
#2026 06 02 13:12:36.990#Z#DEBUG#8a36148f-5e84-11f1-8cec-eeee0a892dcf.crm-project-db-deployer#flowable-async-job-executor-thread-2609#
[PollExecuteTaskStatusExecution] deda4d43-2412-4acd-80d1-1202fa84d62c [2026-06-02T13:12:36.083316] Preparing the make transaction... (STDOUT, APP/TASK/deploy)#
#2026 06 02 13:12:36.990#Z#DEBUG#8a36148f-5e84-11f1-8cec-eeee0a892dcf.crm-project-db-deployer#flowable-async-job-executor-thread-2609#
[PollExecuteTaskStatusExecution] deda4d43-2412-4acd-80d1-1202fa84d62c [2026-06-02T13:12:36.083932] Preparing the make transaction... ok (0s 18ms) (STDOUT, APP/TASK/deploy)#
#2026 06 02 13:12:36.990#Z#DEBUG#8a36148f-5e84-11f1-8cec-eeee0a892dcf.crm-project-db-deployer#flowable-async-job-executor-thread-2609#
[PollExecuteTaskStatusExecution] deda4d43-2412-4acd-80d1-1202fa84d62c [2026-06-02T13:12:36.084085] Calculating dependencies... (STDOUT, APP/TASK/deploy)#
#2026 06 02 13:12:36.990#Z#DEBUG#8a36148f-5e84-11f1-8cec-eeee0a892dcf.crm-project-db-deployer#flowable-async-job-executor-thread-2609#
[PollExecuteTaskStatusExecution] deda4d43-2412-4acd-80d1-1202fa84d62c [2026-06-02T13:12:36.084220] Expanding... (STDOUT, APP/TASK/deploy)#
#2026 06 02 13:12:36.990#Z#DEBUG#8a36148f-5e84-11f1-8cec-eeee0a892dcf.crm-project-db-deployer#flowable-async-job-executor-thread-2609#
[PollExecuteTaskStatusExecution] deda4d43-2412-4acd-80d1-1202fa84d62c [2026-06-02T13:12:36.084352] Expanding... ok (0s 7ms) (STDOUT, APP/TASK/deploy)#
#2026 06 02 13:12:36.990#Z#DEBUG#8a36148f-5e84-11f1-8cec-eeee0a892dcf.crm-project-db-deployer#flowable-async-job-executor-thread-2609#
[PollExecuteTaskStatusExecution] deda4d43-2412-4acd-80d1-1202fa84d62c [2026-06-02T13:12:36.084477] Precompiling... (STDOUT, APP/TASK/deploy)#
#2026 06 02 13:12:36.990#Z#DEBUG#8a36148f-5e84-11f1-8cec-eeee0a892dcf.crm-project-db-deployer#flowable-async-job-executor-thread-2609#
[PollExecuteTaskStatusExecution] deda4d43-2412-4acd-80d1-1202fa84d62c [2026-06-02T13:12:36.084600] Precompiling... ok (0s 0ms) (STDOUT, APP/TASK/deploy)#
#2026 06 02 13:12:36.990#Z#DEBUG#8a36148f-5e84-11f1-8cec-eeee0a892dcf.crm-project-db-deployer#flowable-async-job-executor-thread-2609#
[PollExecuteTaskStatusExecution] deda4d43-2412-4acd-80d1-1202fa84d62c [2026-06-02T13:12:36.084718] Merging... (STDOUT, APP/TASK/deploy)#
#2026 06 02 13:12:36.990#Z#DEBUG#8a36148f-5e84-11f1-8cec-eeee0a892dcf.crm-project-db-deployer#flowable-async-job-executor-thread-2609#
[PollExecuteTaskStatusExecution] deda4d43-2412-4acd-80d1-1202fa84d62c [2026-06-02T13:12:36.084841] Merging... ok (0s 0ms) (STDOUT, APP/TASK/deploy)#
#2026 06 02 13:12:36.990#Z#DEBUG#8a36148f-5e84-11f1-8cec-eeee0a892dcf.crm-project-db-deployer#flowable-async-job-executor-thread-2609#
[PollExecuteTaskStatusExecution] deda4d43-2412-4acd-80d1-1202fa84d62c [2026-06-02T13:12:36.084966] Calculating dependencies... ok (0s 7ms) (STDOUT, APP/TASK/deploy)#
#2026 06 02 13:12:36.990#Z#DEBUG#8a36148f-5e84-11f1-8cec-eeee0a892dcf.crm-project-db-deployer#flowable-async-job-executor-thread-2609#
[PollExecuteTaskStatusExecution] deda4d43-2412-4acd-80d1-1202fa84d62c [2026-06-02T13:12:36.085078] No make necessary (STDOUT, APP/TASK/deploy)#
#2026 06 02 13:12:36.990#Z#DEBUG#8a36148f-5e84-11f1-8cec-eeee0a892dcf.crm-project-db-deployer#flowable-async-job-executor-thread-2609#
[PollExecuteTaskStatusExecution] deda4d43-2412-4acd-80d1-1202fa84d62c [2026-06-02T13:12:36.085207] Making... ok (0s 76ms) (STDOUT, APP/TASK/deploy)#
#2026 06 02 13:12:36.990#Z#DEBUG#8a36148f-5e84-11f1-8cec-eeee0a892dcf.crm-project-db-deployer#flowable-async-job-executor-thread-2609#
[PollExecuteTaskStatusExecution] deda4d43-2412-4acd-80d1-1202fa84d62c [2026-06-02T13:12:36.085324] Enabling table replication for the container schema "BE6BABD4914B4D038361DCFD8B7BC307"... (STDOUT, APP/TASK/deploy)#
#2026 06 02 13:12:36.990#Z#DEBUG#8a36148f-5e84-11f1-8cec-eeee0a892dcf.crm-project-db-deployer#flowable-async-job-executor-thread-2609#
[PollExecuteTaskStatusExecution] deda4d43-2412-4acd-80d1-1202fa84d62c [2026-06-02T13:12:36.085446] Enabling table replication for the container schema "BE6BABD4914B4D038361DCFD8B7BC307"... ok (0s 10ms) (STDOUT, APP/TASK/deploy)#
#2026 06 02 13:12:36.990#Z#DEBUG#8a36148f-5e84-11f1-8cec-eeee0a892dcf.crm-project-db-deployer#flowable-async-job-executor-thread-2609#
[PollExecuteTaskStatusExecution] deda4d43-2412-4acd-80d1-1202fa84d62c [2026-06-02T13:12:36.085568] Starting make in the container "BE6BABD4914B4D038361DCFD8B7BC307" with 0 files to deploy, 0 files to undeploy... ok (0s 140ms) (STDOUT, APP/TASK/deploy)#
#2026 06 02 13:12:36.990#Z#DEBUG#8a36148f-5e84-11f1-8cec-eeee0a892dcf.crm-project-db-deployer#flowable-async-job-executor-thread-2609#
[PollExecuteTaskStatusExecution] deda4d43-2412-4acd-80d1-1202fa84d62c [2026-06-02T13:12:36.085797] Deploying to the container "BE6BABD4914B4D038361DCFD8B7BC307"... ok (0s 330ms) (STDOUT, APP/TASK/deploy)#
#2026 06 02 13:12:36.990#Z#DEBUG#8a36148f-5e84-11f1-8cec-eeee0a892dcf.crm-project-db-deployer#flowable-async-job-executor-thread-2609#
[PollExecuteTaskStatusExecution] deda4d43-2412-4acd-80d1-1202fa84d62c [2026-06-02T13:12:36.086235] No default-access-role handling needed; global role "BE6BABD4914B4D038361DCFD8B7BC307::access_role" will not be adapted (STDOUT, APP/TASK/deploy)#
#2026 06 02 13:12:36.990#Z#DEBUG#8a36148f-5e84-11f1-8cec-eeee0a892dcf.crm-project-db-deployer#flowable-async-job-executor-thread-2609#
[PollExecuteTaskStatusExecution] deda4d43-2412-4acd-80d1-1202fa84d62c [2026-06-02T13:12:36.087260] Unlocking the container "BE6BABD4914B4D038361DCFD8B7BC307"... (STDOUT, APP/TASK/deploy)#
#2026 06 02 13:12:36.990#Z#DEBUG#8a36148f-5e84-11f1-8cec-eeee0a892dcf.crm-project-db-deployer#flowable-async-job-executor-thread-2609#
[PollExecuteTaskStatusExecution] deda4d43-2412-4acd-80d1-1202fa84d62c [2026-06-02T13:12:36.087917] Unlocking the container "BE6BABD4914B4D038361DCFD8B7BC307"... ok (0s 1ms) (STDOUT, APP/TASK/deploy)#
#2026 06 02 13:12:36.990#Z#DEBUG#8a36148f-5e84-11f1-8cec-eeee0a892dcf.crm-project-db-deployer#flowable-async-job-executor-thread-2609#
[PollExecuteTaskStatusExecution] deda4d43-2412-4acd-80d1-1202fa84d62c [2026-06-02T13:12:36.088384] Deployment to container BE6BABD4914B4D038361DCFD8B7BC307 done [Deployment ID: none]. (STDOUT, APP/TASK/deploy)#
#2026 06 02 13:12:36.990#Z#DEBUG#8a36148f-5e84-11f1-8cec-eeee0a892dcf.crm-project-db-deployer#flowable-async-job-executor-thread-2609#
[PollExecuteTaskStatusExecution] deda4d43-2412-4acd-80d1-1202fa84d62c [2026-06-02T13:12:36.089619] Deployment ended at 2026-06-02 13:12:36 (STDOUT, APP/TASK/deploy)#
#2026 06 02 13:12:36.990#Z#DEBUG#8a36148f-5e84-11f1-8cec-eeee0a892dcf.crm-project-db-deployer#flowable-async-job-executor-thread-2609#
[PollExecuteTaskStatusExecution] deda4d43-2412-4acd-80d1-1202fa84d62c [2026-06-02T13:12:36.090003] (1s 985ms) (STDOUT, APP/TASK/deploy)#
#2026 06 02 13:12:36.990#Z#DEBUG#8a36148f-5e84-11f1-8cec-eeee0a892dcf.crm-project-db-deployer#flowable-async-job-executor-thread-2609#
[PollExecuteTaskStatusExecution] deda4d43-2412-4acd-80d1-1202fa84d62c [2026-06-02T13:12:36.105768] npm notice (STDERR, APP/TASK/deploy)#
#2026 06 02 13:12:36.990#Z#DEBUG#8a36148f-5e84-11f1-8cec-eeee0a892dcf.crm-project-db-deployer#flowable-async-job-executor-thread-2609#
[PollExecuteTaskStatusExecution] deda4d43-2412-4acd-80d1-1202fa84d62c [2026-06-02T13:12:36.105792] npm notice New minor version of npm available! 11.6.2 -> 11.16.0 (STDERR, APP/TASK/deploy)#
#2026 06 02 13:12:36.990#Z#DEBUG#8a36148f-5e84-11f1-8cec-eeee0a892dcf.crm-project-db-deployer#flowable-async-job-executor-thread-2609#
[PollExecuteTaskStatusExecution] deda4d43-2412-4acd-80d1-1202fa84d62c [2026-06-02T13:12:36.105800] npm notice Changelog: https://github.com/npm/cli/releases/tag/v11.16.0 (STDERR, APP/TASK/deploy)#
#2026 06 02 13:12:36.990#Z#DEBUG#8a36148f-5e84-11f1-8cec-eeee0a892dcf.crm-project-db-deployer#flowable-async-job-executor-thread-2609#
[PollExecuteTaskStatusExecution] deda4d43-2412-4acd-80d1-1202fa84d62c [2026-06-02T13:12:36.105803] npm notice To update run: npm install -g npm@11.16.0 (STDERR, APP/TASK/deploy)#
#2026 06 02 13:12:36.990#Z#DEBUG#8a36148f-5e84-11f1-8cec-eeee0a892dcf.crm-project-db-deployer#flowable-async-job-executor-thread-2609#
[PollExecuteTaskStatusExecution] deda4d43-2412-4acd-80d1-1202fa84d62c [2026-06-02T13:12:36.105806] npm notice (STDERR, APP/TASK/deploy)#
#2026 06 02 13:12:36.990#Z#DEBUG#8a36148f-5e84-11f1-8cec-eeee0a892dcf.crm-project-db-deployer#flowable-async-job-executor-thread-2609#
[PollExecuteTaskStatusExecution] deda4d43-2412-4acd-80d1-1202fa84d62c [2026-06-02T13:12:36.202457] Exit status 0 (STDOUT, APP/TASK/deploy)#
#2026 06 02 13:12:36.990#Z#DEBUG#8a36148f-5e84-11f1-8cec-eeee0a892dcf.crm-project-db-deployer#flowable-async-job-executor-thread-2609#
[PollExecuteTaskStatusExecution] deda4d43-2412-4acd-80d1-1202fa84d62c [2026-06-02T13:12:36.564691] Cell 684caff8-89cd-492b-be01-b3d0835f1763 stopping instance fb2622bc-9034-4b66-9b46-a0b6083eac79 (STDOUT, CELL)#
#2026 06 02 13:12:36.990#Z#DEBUG#8a36148f-5e84-11f1-8cec-eeee0a892dcf.crm-project-db-deployer#flowable-async-job-executor-thread-2609#
[PollExecuteTaskStatusExecution] deda4d43-2412-4acd-80d1-1202fa84d62c [2026-06-02T13:12:36.564740] Cell 684caff8-89cd-492b-be01-b3d0835f1763 destroying container for instance fb2622bc-9034-4b66-9b46-a0b6083eac79 (STDOUT, CELL)#
